1	N	48
1	J	48
0	J	48
1	R	48
2	N	49
2	J	49
1	W	49
2	R	49
3	N	63
3	J	64
2	J	64
3	R	64
3	W	68
2	R	68
2	E	73
1	J	73
1	R	74
4	N	74
4	J	74
1	W	74
4	R	74
5	N	106
5	J	107
4	W	107
5	R	107
4	J	109
5	E	109
4	R	109
4	W	115
0	R	115
0	W	115
4	J	583
4	R	583
4	W	583
0	R	583
4	J	660
4	R	660
4	W	660
0	R	660
4	J	672
4	R	672
4	W	672
0	R	672
4	J	724
4	R	724
4	W	724
0	R	724
4	J	789
4	R	789
6	N	791
6	J	792
4	W	792
6	R	792
6	E	798
4	J	798
4	R	798
7	N	798
7	J	799
4	W	799
7	R	799
4	J	801
7	E	802
4	R	802
4	W	802
0	R	802
4	J	856
4	R	856
4	W	856
0	R	856
4	J	2398
4	R	2398
4	W	2398
0	R	2398
4	J	2471
4	R	2471
4	W	2471
0	R	2471
4	J	2502
4	R	2502
4	W	2502
0	R	2502
4	J	2534
4	R	2534
4	W	2534
0	R	2534
4	J	2577
4	R	2577
4	W	2577
0	R	2577
4	J	2634
4	R	2634
4	W	2634
0	R	2634
4	J	2699
4	R	2699
4	W	2699
0	R	2699
4	J	2785
4	R	2785
4	W	2785
0	R	2785
4	J	2810
4	R	2810
4	W	2810
0	R	2810
4	J	2874
4	R	2874
4	W	2874
0	R	2874
4	J	2959
4	R	2959
4	W	2959
0	R	2959
4	J	3008
4	R	3008
4	W	3008
0	R	3008
4	J	3045
4	R	3045
4	W	3045
0	R	3045
3	J	3067
3	R	3067
3	W	3067
0	R	3067
4	J	3149
4	R	3149
4	W	3149
0	R	3149
4	J	3569
4	R	3569
4	W	3569
0	R	3569
4	J	3915
4	R	3915
4	W	3916
0	R	3916
4	J	3916
4	R	3916
4	W	3916
0	R	3916
4	J	3939
4	R	3939
4	W	3939
0	R	3939
4	J	3939
4	R	3939
4	W	3939
0	R	3939
4	J	3960
4	R	3960
4	W	3960
0	R	3960
4	J	3978
4	R	3978
4	W	3978
0	R	3978
4	J	3998
4	R	3998
4	W	3998
0	R	3998
4	J	3998
4	R	3998
4	W	3999
0	R	3999
4	J	4019
4	R	4019
4	W	4019
0	R	4019
4	J	4036
4	R	4036
4	W	4036
0	R	4036
4	J	4037
4	R	4037
4	W	4037
0	R	4037
4	J	4057
4	R	4057
4	W	4058
0	R	4058
4	J	4058
4	R	4058
4	W	4058
0	R	4058
4	J	4080
4	R	4080
4	W	4080
0	R	4080
4	J	4081
4	R	4081
4	W	4081
0	R	4081
4	J	4099
4	R	4099
4	W	4099
0	R	4099
4	J	4120
4	R	4120
4	W	4120
0	R	4120
4	J	4120
4	R	4120
4	W	4120
0	R	4121
4	J	4129
4	R	4129
4	W	4129
0	R	4130
4	J	4164
4	R	4164
4	W	4164
0	R	4164
4	J	4200
4	R	4200
4	W	4200
0	R	4200
4	J	4286
4	R	4286
4	W	4286
0	R	4286
4	J	4328
4	R	4328
4	W	4328
0	R	4328
4	J	4395
4	R	4395
4	W	4395
0	R	4395
4	J	4453
4	R	4453
4	W	4453
0	R	4453
4	J	4514
4	R	4514
4	W	4514
0	R	4514
4	J	4581
4	R	4581
4	W	4581
0	R	4581
4	J	4646
4	R	4646
4	W	4646
0	R	4647
4	J	4701
4	R	4701
4	W	4701
0	R	4701
4	J	4869
4	R	4869
4	W	4870
0	R	4870
4	J	4969
4	R	4969
4	W	4969
0	R	4970
4	J	5386
4	R	5386
4	W	5386
0	R	5386
4	J	5480
4	R	5480
4	W	5480
0	R	5480
4	J	5515
4	R	5515
4	W	5515
0	R	5515
4	J	5560
4	R	5560
4	W	5560
0	R	5560
4	J	5589
4	R	5589
4	W	5589
0	R	5589
4	J	5631
4	R	5631
4	W	5631
0	R	5631
4	J	5716
4	R	5716
4	W	5716
0	R	5716
4	J	5854
4	R	5854
4	W	5854
0	R	5854
4	J	5898
4	R	5898
4	W	5898
0	R	5898
4	J	5960
4	R	5960
4	W	5960
0	R	5960
4	J	6182
4	R	6182
4	W	6183
0	R	6183
4	J	6256
4	R	6256
4	W	6256
0	R	6256
4	J	6650
4	R	6650
4	W	6650
0	R	6650
4	J	6699
4	R	6699
4	W	6699
0	R	6699
4	J	6788
4	R	6788
4	W	6788
0	R	6788
4	J	6861
4	R	6861
4	W	6861
0	R	6861
4	J	6921
4	R	6921
4	W	6922
0	R	6922
4	J	6979
4	R	6979
4	W	6979
0	R	6980
4	J	7010
4	R	7010
4	W	7010
0	R	7010
4	J	7072
4	R	7072
4	W	7072
0	R	7072
4	J	7087
4	R	7087
4	W	7087
0	R	7087
4	J	7123
4	R	7123
4	W	7123
0	R	7123
4	J	7165
4	R	7165
4	W	7166
0	R	7166
4	J	7226
4	R	7226
4	W	7226
0	R	7227
4	J	7425
4	R	7425
4	W	7425
0	R	7425
4	J	7476
4	R	7476
4	W	7476
0	R	7476
4	J	7530
4	R	7530
4	W	7530
0	R	7530
4	J	7597
4	R	7597
4	W	7597
0	R	7597
4	J	7639
4	R	7639
4	W	7639
0	R	7639
4	J	7692
4	R	7692
4	W	7692
0	R	7692
4	J	7846
4	R	7846
8	N	7848
8	J	7848
4	W	7849
8	R	7849
9	N	7853
9	J	7854
8	W	7854
9	R	7854
9	E	7906
8	J	7906
8	R	7906
10	N	7907
10	J	7907
8	W	7907
10	R	7907
10	E	8013
8	J	8013
8	R	8013
11	N	8013
11	J	8014
8	W	8014
11	R	8014
11	E	8043
8	J	8043
8	R	8043
12	N	8045
12	J	8045
8	W	8046
12	R	8046
12	E	8126
8	J	8126
8	R	8126
8	E	8128
4	J	8128
4	R	8128
13	N	8129
13	J	8129
4	W	8130
13	R	8130
4	J	8132
13	E	8132
4	R	8132
4	W	8133
0	R	8133
4	J	8646
4	R	8646
4	W	8646
0	R	8646
4	J	8731
4	R	8731
4	W	8731
0	R	8731
4	J	8749
4	R	8749
4	W	8749
0	R	8749
4	J	8778
4	R	8779
4	W	8779
0	R	8779
4	J	8806
4	R	8806
4	W	8806
0	R	8806
4	J	8827
4	R	8827
4	W	8827
0	R	8827
4	J	8879
4	R	8879
4	W	8884
0	R	8884
4	J	8946
4	R	8946
4	W	8946
0	R	8946
4	J	9244
4	R	9244
14	N	9245
14	J	9245
4	W	9246
14	R	9246
15	N	9247
15	J	9248
16	N	9248
16	J	9248
17	N	9248
17	J	9249
18	N	9249
18	J	9250
19	N	9250
19	J	9250
20	N	9250
20	J	9251
21	N	9251
21	J	9252
22	N	9252
22	J	9252
23	N	9252
23	J	9253
24	N	9253
24	J	9254
14	W	9255
24	R	9255
24	J	9270
23	R	9270
23	J	9285
22	R	9285
22	J	9300
21	R	9300
21	J	9315
20	R	9315
20	J	9330
19	R	9330
19	J	9345
18	R	9345
18	J	9360
17	R	9360
17	J	9375
16	R	9375
16	J	9390
15	R	9390
15	J	9405
24	R	9405
24	J	9420
23	R	9420
23	J	9435
22	R	9435
22	J	9450
21	R	9450
21	J	9465
20	R	9465
20	J	9480
19	R	9480
19	J	9495
18	R	9495
18	J	9510
17	R	9510
17	J	9525
16	R	9525
16	J	9540
15	R	9540
15	J	9555
24	R	9555
24	J	9570
23	R	9570
23	J	9585
22	R	9585
22	J	9600
21	R	9600
21	J	9615
20	R	9615
20	J	9630
19	R	9630
19	J	9645
18	R	9645
18	J	9660
17	R	9660
17	J	9675
16	R	9675
16	J	9690
15	R	9690
15	J	9705
24	R	9705
24	J	9720
23	R	9720
23	J	9735
22	R	9735
22	J	9750
21	R	9750
21	J	9765
20	R	9765
20	J	9780
19	R	9780
19	J	9795
18	R	9795
18	J	9810
17	R	9810
17	J	9825
16	R	9825
16	J	9840
15	R	9840
15	J	9855
24	R	9855
24	J	9870
23	R	9870
23	J	9885
22	R	9885
22	J	9900
21	R	9900
21	J	9915
20	R	9915
20	J	9930
19	R	9930
19	J	9945
18	R	9945
18	J	9960
17	R	9960
17	J	9975
16	R	9975
16	J	9990
15	R	9990
15	J	10005
24	R	10005
24	J	10020
23	R	10020
23	J	10035
22	R	10035
22	J	10050
21	R	10050
21	J	10065
20	R	10065
20	J	10080
19	R	10080
19	J	10095
18	R	10095
18	J	10110
17	R	10110
17	J	10125
16	R	10125
16	J	10140
15	R	10140
15	J	10155
24	R	10155
24	W	10165
23	R	10165
23	J	10180
22	R	10180
22	J	10195
21	R	10195
21	J	10210
20	R	10210
20	J	10225
19	R	10225
19	J	10240
18	R	10240
18	J	10255
17	R	10255
24	J	10270
17	J	10270
16	R	10270
16	J	10285
15	R	10285
15	J	10300
24	R	10300
24	W	10300
23	R	10300
23	J	10315
22	R	10315
22	J	10330
21	R	10330
21	J	10345
20	R	10345
20	J	10360
19	R	10360
19	J	10375
18	R	10375
18	J	10390
17	R	10390
24	J	10405
17	J	10405
24	R	10405
24	W	10405
16	R	10405
16	J	10420
15	R	10420
15	J	10435
23	R	10435
23	J	10450
22	R	10450
22	J	10465
21	R	10465
21	J	10480
20	R	10480
20	J	10495
19	R	10495
24	J	10510
19	J	10510
24	R	10510
24	W	10510
18	R	10510
18	J	10525
17	R	10525
17	J	10540
16	R	10540
16	J	10555
15	R	10555
15	J	10570
23	R	10570
23	J	10585
22	R	10585
22	J	10600
21	R	10600
24	J	10615
21	J	10615
24	R	10615
24	W	10615
20	R	10615
20	J	10630
19	R	10630
19	J	10645
18	R	10645
18	J	10660
17	R	10660
17	J	10675
16	R	10675
16	J	10690
15	R	10690
15	J	10705
23	R	10705
24	J	10720
23	J	10720
24	R	10720
24	W	10720
22	R	10720
22	J	10735
21	R	10735
21	J	10750
20	R	10750
20	J	10765
19	R	10765
19	J	10780
18	R	10780
18	J	10795
17	R	10795
17	J	10810
16	R	10810
24	J	10825
16	J	10825
24	R	10825
24	W	10825
15	R	10825
15	J	10840
23	R	10840
23	J	10855
22	R	10855
22	J	10870
21	R	10870
21	J	10885
20	R	10885
20	J	10900
19	R	10900
19	J	10915
18	R	10915
24	J	10930
18	J	10930
24	R	10930
24	W	10930
17	R	10930
17	J	10945
16	R	10945
16	J	10960
15	R	10960
15	J	10975
23	R	10975
23	J	10990
22	R	10990
22	J	11005
21	R	11005
21	J	11020
20	R	11020
24	J	11035
20	J	11035
24	R	11035
24	W	11035
19	R	11035
19	J	11050
18	R	11050
18	J	11065
17	R	11065
17	J	11080
16	R	11080
16	J	11095
15	R	11095
15	J	11110
23	R	11110
23	W	11115
22	R	11115
22	J	11130
21	R	11130
24	J	11145
21	J	11145
24	R	11145
24	J	11174
20	R	11174
20	J	11189
19	R	11189
19	J	11204
18	R	11204
23	J	11219
18	J	11219
17	R	11219
17	J	11234
16	R	11234
16	J	11249
15	R	11249
15	J	11264
23	R	11264
23	W	11264
24	R	11264
24	J	11279
22	R	11279
22	J	11294
21	R	11294
21	J	11309
20	R	11309
20	J	11324
19	R	11324
19	J	11339
18	R	11339
18	J	11354
17	R	11354
23	J	11369
17	J	11369
23	R	11369
23	W	11369
16	R	11369
16	J	11384
15	R	11384
15	J	11399
24	R	11399
24	J	11414
22	R	11414
22	J	11429
21	R	11429
21	J	11444
20	R	11444
20	J	11459
19	R	11459
23	J	11474
19	J	11474
23	R	11474
23	W	11474
18	R	11474
18	J	11489
17	R	11489
17	J	11504
16	R	11504
16	J	11519
15	R	11519
15	J	11534
24	R	11534
24	J	11549
22	R	11549
22	J	11564
21	R	11564
23	J	11579
21	J	11579
23	R	11579
23	W	11579
20	R	11579
20	J	11594
19	R	11594
19	J	11609
18	R	11609
18	J	11624
17	R	11624
17	J	11639
16	R	11639
16	J	11654
15	R	11654
15	J	11669
24	R	11669
23	J	11684
24	J	11684
23	R	11684
23	W	11684
22	R	11684
22	J	11699
21	R	11699
21	J	11714
20	R	11714
20	J	11729
19	R	11729
19	J	11744
18	R	11744
18	J	11759
17	R	11759
17	J	11774
16	R	11774
23	J	11789
16	J	11789
23	R	11789
23	W	11789
15	R	11789
15	J	11804
24	R	11804
24	W	11815
22	R	11815
22	J	11830
21	R	11830
21	J	11845
20	R	11845
20	J	11860
19	R	11860
19	J	11875
18	R	11875
23	J	11890
18	J	11890
23	R	11890
23	W	11890
17	R	11890
17	J	11905
16	R	11905
24	J	11920
16	J	11920
15	R	11920
15	J	11935
24	R	11935
24	W	11935
22	R	11935
22	J	11950
21	R	11950
21	J	11965
20	R	11965
20	J	11980
19	R	11980
23	J	11995
19	J	11995
23	R	11995
23	J	12024
18	R	12024
24	J	12039
18	J	12039
24	R	12039
24	W	12039
17	R	12039
17	J	12054
16	R	12054
16	J	12069
15	R	12069
15	J	12084
23	R	12084
23	J	12099
22	R	12099
22	W	12099
21	R	12099
21	J	12114
20	R	12114
20	J	12129
19	R	12129
24	J	12144
19	J	12144
24	R	12144
24	W	12144
18	R	12144
18	J	12159
17	R	12159
17	J	12174
16	R	12174
16	J	12189
15	R	12189
22	J	12204
15	J	12204
22	R	12204
22	W	12204
23	R	12204
23	J	12219
21	R	12219
21	J	12234
20	R	12234
24	J	12249
20	J	12249
24	R	12249
24	W	12249
19	R	12249
19	J	12264
18	R	12264
18	J	12279
17	R	12279
17	J	12294
16	R	12294
22	J	12309
16	J	12309
22	R	12309
22	W	12309
15	R	12309
15	J	12324
23	R	12324
23	J	12339
21	R	12339
24	J	12354
21	J	12354
24	R	12354
24	W	12354
20	R	12354
20	J	12369
19	R	12369
19	J	12384
18	R	12384
18	J	12399
17	R	12399
22	J	12414
17	J	12414
22	R	12414
22	W	12414
16	R	12414
16	J	12429
15	R	12429
15	J	12444
23	R	12444
24	J	12459
23	J	12459
24	R	12459
24	W	12459
21	R	12459
21	J	12474
20	R	12474
20	J	12489
19	R	12489
19	J	12504
18	R	12504
22	J	12519
18	J	12519
22	R	12519
22	W	12519
17	R	12519
17	J	12534
16	R	12534
16	J	12549
15	R	12549
24	J	12564
15	J	12564
24	R	12564
24	W	12564
23	R	12564
23	J	12579
21	R	12579
21	J	12594
20	R	12594
20	J	12609
19	R	12609
22	J	12624
19	J	12624
22	R	12624
22	W	12624
18	R	12624
18	J	12639
17	R	12639
17	J	12654
16	R	12654
24	J	12669
16	J	12669
24	R	12669
24	W	12669
15	R	12669
15	J	12684
23	R	12684
23	J	12699
21	R	12699
21	J	12714
20	R	12714
22	J	12729
20	J	12729
22	R	12729
22	W	12729
19	R	12729
19	J	12744
18	R	12744
18	J	12759
17	R	12759
24	J	12774
17	J	12774
24	R	12774
24	J	12803
16	R	12803
16	J	12818
15	R	12818
22	J	12833
15	J	12833
22	R	12833
22	J	12862
24	R	12862
24	J	12877
23	R	12877
23	J	12892
22	R	12892
22	J	12907
21	R	12907
21	W	12917
20	R	12917
20	J	12932
19	R	12932
19	J	12947
18	R	12947
18	J	12962
17	R	12962
17	J	12977
16	R	12977
16	J	12992
15	R	12992
15	J	13007
24	R	13007
21	J	13022
24	J	13022
21	R	13022
21	W	13022
23	R	13022
23	J	13037
22	R	13037
22	J	13052
20	R	13052
20	J	13067
19	R	13067
19	J	13082
18	R	13082
18	J	13097
17	R	13097
17	J	13112
16	R	13112
21	J	13127
16	J	13127
21	R	13127
21	W	13127
15	R	13127
15	J	13142
24	R	13142
24	J	13157
23	R	13157
23	J	13172
22	R	13172
22	J	13187
20	R	13187
20	J	13202
19	R	13202
19	J	13217
18	R	13217
21	J	13232
18	J	13232
21	R	13232
21	W	13232
17	R	13232
17	J	13247
16	R	13247
16	J	13262
15	R	13262
15	J	13277
24	R	13277
24	J	13292
23	R	13292
23	J	13307
22	R	13307
22	J	13322
20	R	13322
21	J	13337
20	J	13337
21	R	13337
21	W	13337
19	R	13337
19	J	13352
18	R	13352
18	J	13367
17	R	13367
17	J	13382
16	R	13382
16	J	13397
15	R	13397
15	J	13412
24	R	13412
24	W	13423
23	R	13423
21	J	13438
23	J	13438
21	R	13438
21	W	13438
22	R	13438
22	J	13453
20	R	13453
20	J	13468
19	R	13468
19	J	13483
18	R	13483
18	J	13498
17	R	13498
17	J	13513
16	R	13513
24	J	13528
16	J	13528
15	R	13528
21	J	13543
15	J	13543
21	R	13543
21	J	13571
24	R	13571
24	W	13571
23	R	13571
23	W	13577
22	R	13577
22	J	13592
21	R	13592
21	J	13607
20	R	13607
20	J	13622
19	R	13622
19	J	13637
18	R	13637
18	J	13652
17	R	13652
17	J	13667
16	R	13667
24	J	13682
23	J	13682
16	J	13682
24	R	13682
24	W	13682
15	R	13682
15	J	13697
23	R	13697
23	W	13697
22	R	13697
22	J	13712
21	R	13712
21	J	13727
20	R	13727
20	J	13742
19	R	13742
19	J	13757
18	R	13757
18	J	13772
17	R	13772
24	J	13787
17	J	13787
24	R	13787
24	W	13787
16	R	13787
23	J	13802
16	J	13802
23	R	13802
23	W	13802
15	R	13802
15	J	13817
22	R	13817
22	J	13832
21	R	13832
21	J	13847
20	R	13847
20	W	13852
19	R	13852
19	J	13867
18	R	13867
18	J	13882
17	R	13882
24	J	13897
17	J	13897
24	R	13897
24	W	13897
16	R	13897
23	J	13912
16	J	13912
23	R	13912
23	W	13912
15	R	13912
15	J	13927
22	R	13927
22	J	13942
21	R	13942
20	J	13957
21	J	13957
20	R	13957
20	W	13957
19	R	13957
19	J	13972
18	R	13972
18	J	13987
17	R	13987
24	J	14002
17	J	14002
24	R	14002
24	W	14002
16	R	14002
23	J	14017
16	J	14017
23	R	14017
23	W	14017
15	R	14017
15	J	14032
22	R	14032
22	J	14047
21	R	14047
20	J	14062
21	J	14062
20	R	14062
20	W	14062
19	R	14062
19	J	14077
18	R	14077
18	J	14092
17	R	14092
24	J	14107
17	J	14107
24	R	14107
24	W	14107
16	R	14107
23	J	14122
16	J	14122
23	R	14122
23	W	14122
15	R	14122
15	J	14137
22	R	14137
22	J	14152
21	R	14152
20	J	14167
21	J	14167
20	R	14167
20	W	14167
19	R	14167
19	J	14182
18	R	14182
18	J	14197
17	R	14197
24	J	14212
17	J	14212
24	R	14212
24	W	14212
16	R	14212
23	J	14227
16	J	14227
23	R	14227
23	W	14227
15	R	14227
15	J	14242
22	R	14242
22	J	14257
21	R	14257
20	J	14272
21	J	14272
20	R	14272
20	W	14272
19	R	14272
19	J	14287
18	R	14287
18	J	14302
17	R	14302
24	J	14317
17	J	14317
24	R	14317
24	W	14317
16	R	14317
23	J	14332
16	J	14332
23	R	14332
23	W	14332
15	R	14332
15	J	14347
22	R	14347
22	J	14362
21	R	14362
20	J	14377
21	J	14377
20	R	14377
20	J	14406
19	R	14406
24	J	14421
19	J	14421
24	R	14421
23	J	14450
24	J	14450
23	R	14450
23	J	14479
18	R	14479
18	J	14494
17	R	14494
17	J	14509
16	R	14509
16	J	14524
15	R	14524
15	J	14539
24	R	14539
24	J	14554
23	R	14554
23	J	14569
22	R	14569
22	J	14584
21	R	14584
21	J	14599
20	R	14599
20	J	14614
19	R	14614
19	J	14629
18	R	14629
18	J	14644
17	R	14644
17	J	14659
16	R	14659
16	J	14674
15	R	14674
15	J	14689
24	R	14689
24	J	14704
23	R	14704
23	J	14719
22	R	14719
22	J	14734
21	R	14734
21	J	14749
20	R	14749
20	J	14764
19	R	14764
19	W	14764
18	R	14764
18	J	14779
17	R	14779
17	J	14794
16	R	14794
16	J	14809
15	R	14809
15	J	14824
24	R	14824
24	J	14839
23	R	14839
23	J	14854
22	R	14854
19	J	14869
22	J	14869
19	R	14869
19	W	14869
21	R	14869
21	J	14884
20	R	14884
20	J	14899
18	R	14899
18	J	14914
17	R	14914
17	J	14929
16	R	14929
16	J	14944
15	R	14944
15	J	14959
24	R	14959
19	J	14974
24	J	14974
19	R	14974
19	W	14974
23	R	14974
23	J	14989
22	R	14989
22	J	15004
21	R	15004
21	J	15019
20	R	15019
20	J	15034
18	R	15034
18	J	15049
17	R	15049
17	J	15064
16	R	15064
19	J	15079
16	J	15079
19	R	15079
19	W	15079
15	R	15079
15	J	15094
24	R	15094
24	W	15105
23	R	15105
23	J	15120
22	R	15120
22	J	15135
21	R	15135
21	J	15150
20	R	15150
20	J	15165
18	R	15165
19	J	15180
18	J	15180
19	R	15180
24	J	15208
19	J	15208
17	R	15208
17	J	15223
16	R	15223
16	J	15238
15	R	15238
15	J	15253
24	R	15253
24	W	15253
23	R	15253
23	J	15268
22	R	15268
22	W	15269
21	R	15269
21	J	15284
20	R	15284
20	J	15299
19	R	15299
19	J	15314
18	R	15314
18	J	15329
17	R	15329
17	J	15344
16	R	15344
24	J	15359
16	J	15359
24	R	15359
24	W	15359
15	R	15359
22	J	15374
15	J	15374
22	R	15374
22	W	15374
23	R	15374
23	J	15389
21	R	15389
21	J	15404
20	R	15404
20	J	15419
19	R	15419
19	J	15434
18	R	15434
18	J	15449
17	R	15449
24	J	15464
17	J	15464
24	R	15464
24	W	15464
16	R	15464
22	J	15479
16	J	15479
22	R	15479
22	W	15479
15	R	15479
15	J	15494
23	R	15494
23	J	15509
21	R	15509
21	J	15524
20	R	15524
20	J	15539
19	R	15539
19	J	15554
18	R	15554
18	W	15564
17	R	15564
24	J	15579
17	J	15579
24	R	15579
24	W	15579
16	R	15579
22	J	15594
16	J	15594
22	R	15594
22	W	15594
15	R	15594
15	J	15609
23	R	15609
23	J	15624
21	R	15624
21	J	15639
20	R	15639
20	J	15654
19	R	15654
18	J	15669
19	J	15669
18	R	15669
18	W	15669
17	R	15669
24	J	15684
17	J	15684
24	R	15684
24	W	15684
16	R	15684
22	J	15699
16	J	15699
22	R	15699
22	W	15699
15	R	15699
15	J	15714
23	R	15714
23	J	15729
21	R	15729
21	J	15744
20	R	15744
20	J	15759
19	R	15759
18	J	15774
19	J	15774
18	R	15774
18	W	15774
17	R	15774
24	J	15789
17	J	15789
24	R	15789
24	W	15789
16	R	15789
22	J	15804
16	J	15804
22	R	15804
22	W	15804
15	R	15804
15	J	15819
23	R	15819
23	J	15834
21	R	15834
21	J	15849
20	R	15849
20	J	15864
19	R	15864
18	J	15879
19	J	15879
18	R	15879
24	J	15905
22	J	15905
18	J	15905
24	R	15905
24	W	15905
22	R	15905
22	W	15905
17	R	15905
17	J	15920
16	R	15920
16	J	15935
15	R	15935
15	J	15950
23	R	15950
23	W	15956
21	R	15956
21	J	15971
20	R	15971
20	J	15986
19	R	15986
19	J	16001
18	R	16001
24	J	16016
22	J	16016
18	J	16016
24	R	16016
24	W	16016
22	R	16016
22	J	16045
17	R	16045
23	J	16060
17	J	16060
16	R	16060
16	J	16075
15	R	16075
15	J	16090
23	R	16090
23	W	16090
22	R	16090
22	J	16105
21	R	16105
24	J	16120
21	J	16120
24	R	16120
24	E	16120
14	J	16120
14	R	16120
14	W	16120
20	R	16120
20	J	16135
19	R	16135
19	J	16150
18	R	16150
18	J	16165
17	R	16165
17	J	16180
16	R	16180
23	J	16195
16	J	16195
23	R	16195
23	W	16195
15	R	16195
15	J	16210
22	R	16210
22	J	16225
21	R	16225
21	J	16240
20	R	16240
20	J	16255
19	R	16255
19	J	16270
18	R	16270
18	J	16285
17	R	16285
23	J	16300
17	J	16300
23	R	16300
23	W	16300
16	R	16300
16	J	16315
15	R	16315
15	J	16330
22	R	16330
22	J	16345
21	R	16345
21	J	16360
20	R	16360
20	J	16375
19	R	16375
19	J	16390
18	R	16390
23	J	16405
18	J	16405
23	R	16405
23	W	16405
17	R	16405
17	W	16410
16	R	16410
16	J	16425
15	R	16425
15	J	16440
22	R	16440
22	J	16455
21	R	16455
21	J	16470
20	R	16470
20	J	16485
19	R	16485
19	J	16500
18	R	16500
23	J	16515
17	J	16515
18	J	16515
23	R	16515
23	W	16515
17	R	16515
17	W	16515
16	R	16515
16	J	16530
15	R	16530
15	J	16545
22	R	16545
22	J	16560
21	R	16560
21	W	16572
20	R	16572
20	J	16587
19	R	16587
19	J	16602
18	R	16602
23	J	16617
17	J	16617
18	J	16617
23	R	16617
23	W	16617
17	R	16617
17	J	16642
16	R	16642
16	J	16657
15	R	16657
15	J	16672
22	R	16672
21	J	16687
22	J	16687
21	R	16687
21	W	16687
20	R	16687
20	J	16702
19	R	16702
19	J	16717
18	R	16717
23	J	16732
18	J	16732
23	R	16732
23	W	16732
17	R	16732
17	J	16747
16	R	16747
16	J	16762
15	R	16762
15	J	16777
22	R	16777
21	J	16792
22	J	16792
21	R	16792
21	W	16792
20	R	16792
20	J	16807
19	R	16807
19	J	16822
18	R	16822
23	J	16837
18	J	16837
23	R	16837
23	J	16866
17	R	16866
17	J	16881
16	R	16881
21	J	16896
16	J	16896
21	R	16896
21	W	16896
15	R	16896
15	J	16911
23	R	16911
23	J	16926
22	R	16926
22	J	16941
20	R	16941
20	J	16956
19	R	16956
19	J	16971
18	R	16971
18	J	16986
17	R	16986
21	J	17001
17	J	17001
21	R	17001
21	W	17001
16	R	17001
16	J	17016
15	R	17016
15	J	17031
23	R	17031
23	J	17046
22	R	17046
22	J	17061
20	R	17061
20	J	17076
19	R	17076
19	J	17091
18	R	17091
21	J	17106
18	J	17106
21	R	17106
21	W	17106
17	R	17106
17	J	17121
16	R	17121
16	J	17136
15	R	17136
15	J	17151
23	R	17151
23	J	17166
22	R	17166
22	J	17181
20	R	17181
20	J	17196
19	R	17196
21	J	17211
19	J	17211
21	R	17211
21	J	17240
18	R	17240
18	J	17255
17	R	17255
17	J	17270
16	R	17270
16	W	17270
15	R	17270
15	J	17285
23	R	17285
23	J	17300
22	R	17300
22	J	17315
21	R	17315
21	J	17330
20	R	17330
20	J	17345
19	R	17345
19	J	17360
18	R	17360
16	J	17375
18	J	17375
16	R	17375
16	J	17397
17	R	17397
17	J	17412
15	R	17412
15	J	17427
23	R	17427
23	J	17442
22	R	17442
22	J	17457
21	R	17457
21	J	17472
20	R	17472
20	J	17487
19	R	17487
19	J	17502
18	R	17502
18	J	17517
17	R	17517
17	J	17532
16	R	17532
16	J	17547
15	R	17547
15	J	17562
23	R	17562
23	J	17577
22	R	17577
22	J	17592
21	R	17592
21	J	17607
20	R	17607
20	J	17622
19	R	17622
19	J	17637
18	R	17637
18	J	17652
17	R	17652
17	J	17667
16	R	17667
16	J	17682
15	R	17682
15	J	17697
23	R	17697
23	J	17712
22	R	17712
22	J	17727
21	R	17727
21	J	17742
20	R	17742
20	J	17757
19	R	17757
19	J	17772
18	R	17772
18	J	17787
17	R	17787
17	J	17802
16	R	17802
16	J	17817
15	R	17817
15	J	17832
23	R	17832
23	J	17847
22	R	17847
22	J	17862
21	R	17862
21	J	17877
20	R	17877
20	J	17892
19	R	17892
19	J	17907
18	R	17907
18	J	17922
17	R	17922
17	J	17937
16	R	17937
16	J	17952
15	R	17952
15	J	17967
23	R	17967
23	J	17982
22	R	17982
22	J	17997
21	R	17997
21	J	18012
20	R	18012
20	J	18027
19	R	18027
19	J	18042
18	R	18042
18	J	18057
17	R	18057
17	J	18072
16	R	18072
16	J	18087
15	R	18087
15	J	18102
23	R	18102
23	J	18117
22	R	18117
22	J	18132
21	R	18132
21	J	18147
20	R	18147
20	J	18162
19	R	18162
19	J	18177
18	R	18177
18	J	18192
17	R	18192
17	J	18207
16	R	18207
16	J	18222
15	R	18222
15	J	18237
23	R	18237
23	J	18252
22	R	18252
22	J	18267
21	R	18267
21	J	18282
20	R	18282
20	J	18297
19	R	18297
19	J	18312
18	R	18312
18	J	18327
17	R	18327
17	J	18342
16	R	18342
16	J	18357
15	R	18357
15	J	18372
23	R	18372
23	W	18378
22	R	18378
22	W	18379
21	R	18379
21	J	18394
20	R	18394
20	J	18409
19	R	18409
19	J	18424
18	R	18424
18	J	18439
17	R	18439
17	J	18454
16	R	18454
16	J	18469
15	R	18469
23	J	18484
22	J	18484
15	J	18484
22	R	18484
22	W	18484
23	R	18484
23	W	18484
21	R	18484
21	J	18499
20	R	18499
20	W	18505
19	R	18505
19	J	18520
18	R	18520
18	J	18535
17	R	18535
17	J	18550
16	R	18550
16	J	18565
15	R	18565
15	J	18580
21	R	18580
23	J	18595
22	J	18595
21	J	18595
22	R	18595
22	W	18595
23	R	18595
23	W	18595
19	R	18595
20	J	18610
19	J	18610
20	R	18610
20	W	18610
18	R	18610
18	J	18625
17	R	18625
17	J	18640
16	R	18640
16	J	18655
15	R	18655
15	J	18670
21	R	18670
21	J	18685
19	R	18685
23	J	18700
22	J	18700
19	J	18700
22	R	18700
22	W	18700
23	R	18700
23	W	18700
18	R	18700
20	J	18715
18	J	18715
20	R	18715
20	W	18715
17	R	18715
17	J	18730
16	R	18730
16	J	18745
15	R	18745
15	J	18760
21	R	18760
21	J	18775
19	R	18775
19	J	18790
18	R	18790
23	J	18805
22	J	18805
18	J	18805
22	R	18805
22	W	18805
23	R	18805
23	W	18805
17	R	18805
20	J	18820
17	J	18820
20	R	18820
20	W	18820
16	R	18820
16	J	18835
15	R	18835
15	J	18850
21	R	18850
21	J	18865
19	R	18865
19	J	18880
18	R	18880
18	J	18895
17	R	18895
23	J	18910
22	J	18910
17	J	18910
23	R	18910
23	W	18910
22	R	18910
22	W	18910
16	R	18910
20	J	18925
16	J	18925
20	R	18925
20	W	18925
15	R	18925
15	J	18940
21	R	18940
21	J	18955
19	R	18955
19	J	18970
18	R	18970
18	J	18985
17	R	18985
17	J	19000
16	R	19000
23	J	19015
22	J	19015
16	J	19015
23	R	19015
23	W	19015
22	R	19015
22	W	19015
15	R	19015
20	J	19030
15	J	19030
20	R	19030
20	J	19059
21	R	19059
21	J	19074
20	R	19074
20	J	19089
19	R	19089
19	J	19104
18	R	19104
23	J	19119
22	J	19119
18	J	19119
23	R	19119
23	W	19119
22	R	19119
22	J	19148
17	R	19148
17	J	19163
16	R	19163
16	J	19178
15	R	19178
15	J	19193
22	R	19193
22	J	19208
21	R	19208
23	J	19223
21	J	19223
23	R	19223
23	E	19223
14	J	19223
14	R	19223
14	W	19223
20	R	19223
20	J	19238
19	R	19238
19	J	19253
18	R	19253
18	J	19268
17	R	19268
17	J	19283
16	R	19283
16	J	19298
15	R	19298
15	J	19313
22	R	19313
22	J	19328
21	R	19328
21	J	19343
20	R	19343
20	J	19358
19	R	19358
19	J	19373
18	R	19373
18	J	19388
17	R	19388
17	J	19403
16	R	19403
16	J	19418
15	R	19418
15	J	19433
22	R	19433
22	J	19448
21	R	19448
21	J	19463
20	R	19463
20	J	19478
19	R	19478
19	J	19493
18	R	19493
18	J	19508
17	R	19508
17	J	19523
16	R	19523
16	J	19538
15	R	19538
15	J	19553
22	R	19553
22	J	19568
21	R	19568
21	J	19583
20	R	19583
20	J	19598
19	R	19598
19	J	19613
18	R	19613
18	J	19628
17	R	19628
17	J	19643
16	R	19643
16	J	19658
15	R	19658
15	J	19673
22	R	19673
22	J	19688
21	R	19688
21	J	19703
20	R	19703
20	J	19718
19	R	19718
19	J	19733
18	R	19733
18	J	19748
17	R	19748
17	J	19763
16	R	19763
16	J	19778
15	R	19778
15	J	19793
22	R	19793
22	J	19808
21	R	19808
21	J	19823
20	R	19823
20	J	19838
19	R	19838
19	W	19840
18	R	19840
18	J	19855
17	R	19855
17	J	19870
16	R	19870
16	J	19885
15	R	19885
15	J	19900
22	R	19900
22	J	19915
21	R	19915
21	J	19930
20	R	19930
19	J	19945
20	J	19945
19	R	19945
19	W	19945
18	R	19945
18	J	19960
17	R	19960
17	J	19975
16	R	19975
16	J	19990
15	R	19990
15	J	20005
22	R	20005
22	J	20020
21	R	20020
21	J	20035
20	R	20035
19	J	20050
20	J	20050
19	R	20050
19	W	20050
18	R	20050
18	J	20065
17	R	20065
17	J	20080
16	R	20080
16	J	20095
15	R	20095
15	J	20110
22	R	20110
22	J	20125
21	R	20125
21	W	20136
20	R	20136
19	J	20151
20	J	20151
19	R	20151
19	W	20151
18	R	20151
18	J	20166
17	R	20166
17	J	20181
16	R	20181
16	J	20196
15	R	20196
15	J	20211
22	R	20211
22	J	20226
20	R	20226
21	J	20241
20	J	20241
21	R	20241
21	W	20241
18	R	20241
19	J	20256
18	J	20256
19	R	20256
19	J	20284
17	R	20284
17	J	20299
16	R	20299
16	J	20314
15	R	20314
15	J	20329
22	R	20329
21	J	20344
22	J	20344
21	R	20344
21	W	20344
20	R	20344
20	J	20359
19	R	20359
19	J	20374
18	R	20374
18	J	20389
17	R	20389
17	J	20404
16	R	20404
16	J	20419
15	R	20419
15	J	20434
22	R	20434
21	J	20449
22	J	20449
21	R	20449
21	W	20449
20	R	20449
20	J	20464
19	R	20464
19	J	20479
18	R	20479
18	J	20494
17	R	20494
17	J	20509
16	R	20509
16	J	20524
15	R	20524
15	J	20539
22	R	20539
21	J	20554
22	J	20554
21	R	20554
21	W	20554
20	R	20554
20	J	20569
19	R	20569
19	J	20584
18	R	20584
18	J	20599
17	R	20599
17	J	20614
16	R	20614
16	J	20629
15	R	20629
15	J	20644
22	R	20644
21	J	20659
22	J	20659
21	R	20659
21	W	20659
20	R	20659
20	J	20674
19	R	20674
19	J	20689
18	R	20689
18	J	20704
17	R	20704
17	J	20719
16	R	20719
16	J	20734
15	R	20734
15	J	20749
22	R	20749
21	J	20764
22	J	20764
21	R	20764
21	J	20793
20	R	20793
20	J	20808
19	R	20808
19	J	20823
18	R	20823
18	J	20838
17	R	20838
17	J	20853
16	R	20853
16	J	20868
15	R	20868
15	J	20883
22	R	20883
22	J	20898
21	R	20898
21	J	20913
20	R	20913
20	J	20928
19	R	20928
19	J	20943
18	R	20943
18	J	20958
17	R	20958
17	J	20973
16	R	20973
16	J	20988
15	R	20988
15	J	21003
22	R	21003
22	J	21018
21	R	21018
21	J	21033
20	R	21033
20	J	21048
19	R	21048
19	J	21063
18	R	21063
18	J	21078
17	R	21078
17	J	21093
16	R	21093
16	J	21108
15	R	21108
15	J	21123
22	R	21123
22	J	21138
21	R	21138
21	J	21153
20	R	21153
20	J	21168
19	R	21168
19	J	21183
18	R	21183
18	W	21197
17	R	21197
17	J	21212
16	R	21212
16	J	21227
15	R	21227
15	J	21242
22	R	21242
22	W	21243
21	R	21243
21	J	21258
20	R	21258
20	J	21273
19	R	21273
19	J	21288
17	R	21288
18	J	21303
17	J	21303
18	R	21303
18	W	21303
16	R	21303
16	J	21318
15	R	21318
15	J	21333
21	R	21333
22	J	21348
21	J	21348
22	R	21348
22	W	21348
20	R	21348
20	J	21363
19	R	21363
19	J	21378
17	R	21378
17	J	21393
16	R	21393
18	J	21408
16	J	21408
18	R	21408
18	W	21408
15	R	21408
15	J	21423
21	R	21423
21	J	21438
20	R	21438
22	J	21453
20	J	21453
22	R	21453
22	W	21453
19	R	21453
19	J	21468
17	R	21468
17	J	21483
16	R	21483
16	J	21498
15	R	21498
18	J	21513
15	J	21513
18	R	21513
18	J	21539
21	R	21539
22	J	21554
21	J	21554
22	R	21554
22	W	21554
20	R	21554
20	J	21569
19	R	21569
19	J	21584
18	R	21584
18	J	21599
17	R	21599
17	J	21614
16	R	21614
16	J	21629
15	R	21629
15	J	21644
21	R	21644
22	J	21659
21	J	21659
22	R	21659
22	W	21659
20	R	21659
20	J	21674
19	R	21674
19	J	21689
18	R	21689
18	J	21704
17	R	21704
17	J	21719
16	R	21719
16	J	21734
15	R	21734
15	J	21749
21	R	21749
22	J	21764
21	J	21764
22	R	21764
22	W	21764
20	R	21764
20	J	21779
19	R	21779
19	J	21794
18	R	21794
18	J	21809
17	R	21809
17	J	21824
16	R	21824
16	J	21839
15	R	21839
15	J	21854
21	R	21854
22	J	21869
21	J	21869
22	R	21869
22	W	21869
20	R	21869
20	J	21884
19	R	21884
19	J	21899
18	R	21899
18	J	21914
17	R	21914
17	J	21929
16	R	21929
16	J	21944
15	R	21944
15	J	21959
21	R	21959
22	J	21974
21	J	21974
22	R	21974
22	E	21974
14	J	21974
14	R	21974
14	W	21974
20	R	21974
20	J	21989
19	R	21989
19	J	22004
18	R	22004
18	J	22019
17	R	22019
17	J	22034
16	R	22034
16	J	22049
15	R	22049
15	J	22064
21	R	22064
21	J	22079
20	R	22079
20	J	22094
19	R	22094
19	J	22109
18	R	22109
18	J	22124
17	R	22124
17	J	22139
16	R	22139
16	J	22154
15	R	22154
15	J	22169
21	R	22169
21	J	22184
20	R	22184
20	J	22199
19	R	22199
19	J	22214
18	R	22214
18	J	22229
17	R	22229
17	J	22244
16	R	22244
16	J	22259
15	R	22259
15	J	22274
21	R	22274
21	J	22289
20	R	22289
20	J	22304
19	R	22304
19	J	22319
18	R	22319
18	J	22334
17	R	22334
17	J	22349
16	R	22349
16	J	22364
15	R	22364
15	J	22379
21	R	22379
21	J	22394
20	R	22394
20	J	22409
19	R	22409
19	J	22424
18	R	22424
18	J	22439
17	R	22439
17	J	22454
16	R	22454
16	J	22469
15	R	22469
15	J	22484
21	R	22484
21	J	22499
20	R	22499
20	W	22505
19	R	22505
19	J	22520
18	R	22520
18	J	22535
17	R	22535
17	W	22545
16	R	22545
16	J	22560
15	R	22560
15	J	22575
21	R	22575
21	J	22590
19	R	22590
19	J	22605
18	R	22605
20	J	22620
18	J	22620
20	R	22620
20	W	22620
16	R	22620
16	J	22635
15	R	22635
17	J	22650
15	J	22650
17	R	22650
17	W	22650
21	R	22650
21	J	22665
19	R	22665
19	J	22680
18	R	22680
18	J	22695
16	R	22695
16	J	22710
15	R	22710
20	J	22725
15	J	22725
20	R	22725
20	W	22725
21	R	22725
21	J	22740
19	R	22740
17	J	22755
19	J	22755
17	R	22755
17	J	22781
18	R	22781
18	J	22796
16	R	22796
16	J	22811
15	R	22811
20	J	22826
15	J	22826
20	R	22826
20	W	22826
21	R	22826
21	J	22841
19	R	22841
19	J	22856
18	R	22856
18	J	22871
17	R	22871
17	J	22886
16	R	22886
16	J	22901
15	R	22901
15	J	22916
21	R	22916
20	J	22931
21	J	22931
20	R	22931
20	W	22931
19	R	22931
19	J	22946
18	R	22946
18	J	22961
17	R	22961
17	J	22976
16	R	22976
16	J	22991
15	R	22991
15	J	23006
21	R	23006
21	J	23021
19	R	23021
20	J	23036
19	J	23036
20	R	23036
20	J	23065
18	R	23065
18	J	23080
17	R	23080
17	J	23095
16	R	23095
16	J	23110
15	R	23110
15	J	23125
21	R	23125
21	J	23140
20	R	23140
20	J	23155
19	R	23155
19	J	23170
18	R	23170
18	J	23185
17	R	23185
17	J	23200
16	R	23200
16	J	23215
15	R	23215
15	J	23230
21	R	23230
21	J	23245
20	R	23245
20	J	23260
19	R	23260
19	J	23275
18	R	23275
18	J	23290
17	R	23290
17	J	23305
16	R	23305
16	J	23320
15	R	23320
15	J	23335
21	R	23335
21	W	23346
20	R	23346
20	J	23361
19	R	23361
19	J	23376
18	R	23376
18	J	23391
17	R	23391
17	J	23406
16	R	23406
16	J	23421
15	R	23421
15	J	23436
20	R	23436
21	J	23451
20	J	23451
21	R	23451
21	W	23451
19	R	23451
19	J	23466
18	R	23466
18	J	23481
17	R	23481
17	J	23496
16	R	23496
16	J	23511
15	R	23511
15	J	23526
20	R	23526
20	J	23541
19	R	23541
21	J	23556
19	J	23556
21	R	23556
21	W	23556
18	R	23556
18	J	23571
17	R	23571
17	J	23586
16	R	23586
16	J	23601
15	R	23601
15	J	23616
20	R	23616
20	J	23631
19	R	23631
19	J	23646
18	R	23646
21	J	23661
18	J	23661
21	R	23661
21	W	23661
17	R	23661
17	J	23676
16	R	23676
16	J	23691
15	R	23691
15	J	23706
20	R	23706
20	J	23721
19	R	23721
19	J	23736
18	R	23736
18	J	23751
17	R	23751
21	J	23766
17	J	23766
21	R	23766
21	W	23766
16	R	23766
16	W	23774
15	R	23774
15	J	23789
20	R	23789
20	J	23804
19	R	23804
19	J	23819
18	R	23819
18	J	23834
17	R	23834
17	J	23849
15	R	23849
15	J	23864
20	R	23864
21	J	23879
16	J	23879
20	J	23879
21	R	23879
21	W	23879
16	R	23879
16	J	23903
19	R	23903
19	J	23918
18	R	23918
18	J	23933
17	R	23933
17	J	23948
15	R	23948
15	J	23963
20	R	23963
20	J	23978
19	R	23978
21	J	23993
19	J	23993
21	R	23993
21	E	23993
14	J	23993
14	R	23993
14	W	23993
18	R	23993
18	J	24008
17	R	24008
17	J	24023
16	R	24023
16	J	24038
15	R	24038
15	J	24053
20	R	24053
20	J	24068
19	R	24068
19	J	24083
18	R	24083
18	J	24098
17	R	24098
17	J	24113
16	R	24113
16	J	24128
15	R	24128
15	J	24143
20	R	24143
20	J	24158
19	R	24158
19	W	24160
18	R	24160
18	J	24175
17	R	24175
17	J	24190
16	R	24190
16	J	24205
15	R	24205
15	J	24220
20	R	24220
20	J	24235
18	R	24235
18	J	24250
17	R	24250
19	J	24265
17	J	24265
19	R	24265
19	W	24265
16	R	24265
16	J	24280
15	R	24280
15	J	24295
20	R	24295
20	J	24310
18	R	24310
18	J	24325
17	R	24325
17	J	24340
16	R	24340
16	J	24355
15	R	24355
19	J	24370
15	J	24370
19	R	24370
19	W	24370
20	R	24370
20	J	24385
18	R	24385
18	J	24400
17	R	24400
17	J	24415
16	R	24415
16	J	24430
15	R	24430
15	J	24445
20	R	24445
20	J	24460
18	R	24460
19	J	24475
18	J	24475
19	R	24475
19	W	24475
17	R	24475
17	J	24490
16	R	24490
16	J	24505
15	R	24505
15	J	24520
20	R	24520
20	J	24535
18	R	24535
18	J	24550
17	R	24550
17	J	24565
16	R	24565
19	J	24580
16	J	24580
19	R	24580
19	J	24609
15	R	24609
15	J	24624
20	R	24624
20	J	24639
19	R	24639
19	J	24654
18	R	24654
18	J	24669
17	R	24669
17	J	24684
16	R	24684
16	J	24699
15	R	24699
15	J	24714
20	R	24714
20	J	24729
19	R	24729
19	J	24744
18	R	24744
18	J	24759
17	R	24759
17	J	24774
16	R	24774
16	J	24789
15	R	24789
15	J	24804
20	R	24804
20	J	24819
19	R	24819
19	J	24834
18	R	24834
18	J	24849
17	R	24849
17	J	24864
16	R	24864
16	J	24879
15	R	24879
15	J	24894
20	R	24894
20	J	24909
19	R	24909
19	J	24924
18	R	24924
18	J	24939
17	R	24939
17	J	24954
16	R	24954
16	J	24969
15	R	24969
15	J	24984
20	R	24984
20	J	24999
19	R	24999
19	J	25014
18	R	25014
18	J	25029
17	R	25029
17	J	25044
16	R	25044
16	J	25059
15	R	25059
15	J	25074
20	R	25074
20	J	25089
19	R	25089
19	J	25104
18	R	25104
18	J	25119
17	R	25119
17	J	25134
16	R	25134
16	J	25149
15	R	25149
15	J	25164
20	R	25164
20	J	25179
19	R	25179
19	J	25194
18	R	25194
18	J	25209
17	R	25209
17	J	25224
16	R	25224
16	J	25239
15	R	25239
15	J	25254
20	R	25254
20	J	25269
19	R	25269
19	J	25284
18	R	25284
18	J	25299
17	R	25299
17	J	25314
16	R	25314
16	J	25329
15	R	25329
15	J	25344
20	R	25344
20	J	25359
19	R	25359
19	J	25374
18	R	25374
18	J	25389
17	R	25389
17	J	25404
16	R	25404
16	J	25419
15	R	25419
15	J	25434
20	R	25434
20	J	25449
19	R	25449
19	J	25464
18	R	25464
18	J	25479
17	R	25479
17	J	25494
16	R	25494
16	J	25509
15	R	25509
15	J	25524
20	R	25524
20	J	25539
19	R	25539
19	J	25554
18	R	25554
18	J	25569
17	R	25569
17	J	25584
16	R	25584
16	J	25599
15	R	25599
15	J	25614
20	R	25614
20	J	25629
19	R	25629
19	J	25644
18	R	25644
18	W	25658
17	R	25658
17	J	25673
16	R	25673
16	J	25688
15	R	25688
15	J	25703
20	R	25703
20	J	25718
19	R	25718
19	J	25733
17	R	25733
17	J	25748
16	R	25748
18	J	25763
16	J	25763
18	R	25763
18	W	25763
15	R	25763
15	J	25778
20	R	25778
20	J	25793
19	R	25793
19	J	25808
17	R	25808
17	J	25823
16	R	25823
16	J	25838
15	R	25838
15	J	25853
20	R	25853
20	W	25859
19	R	25859
18	J	25874
19	J	25874
18	R	25874
18	W	25874
17	R	25874
17	J	25889
16	R	25889
16	J	25904
15	R	25904
15	J	25919
19	R	25919
19	J	25934
17	R	25934
17	J	25949
16	R	25949
20	J	25964
16	J	25964
20	R	25964
20	W	25964
15	R	25964
18	J	25979
15	J	25979
18	R	25979
18	J	26007
19	R	26007
19	J	26022
18	R	26022
18	J	26037
17	R	26037
17	J	26052
16	R	26052
20	J	26067
16	J	26067
20	R	26067
20	W	26067
15	R	26067
15	J	26082
19	R	26082
19	J	26097
18	R	26097
18	J	26112
17	R	26112
17	J	26127
16	R	26127
16	J	26142
15	R	26142
15	J	26157
19	R	26157
20	J	26172
19	J	26172
20	R	26172
20	W	26172
18	R	26172
18	J	26187
17	R	26187
17	J	26202
16	R	26202
16	J	26217
15	R	26217
15	J	26232
19	R	26232
19	J	26247
18	R	26247
18	J	26262
17	R	26262
20	J	26277
17	J	26277
20	R	26277
20	W	26277
16	R	26277
16	J	26292
15	R	26292
15	J	26307
19	R	26307
19	J	26322
18	R	26322
18	J	26337
17	R	26337
17	J	26352
16	R	26352
16	J	26367
15	R	26367
20	J	26382
15	J	26382
20	R	26382
20	E	26382
14	J	26382
14	R	26382
14	W	26382
19	R	26382
19	J	26397
18	R	26397
18	J	26412
17	R	26412
17	J	26427
16	R	26427
16	J	26442
15	R	26442
15	J	26457
19	R	26457
19	J	26472
18	R	26472
18	J	26487
17	R	26487
17	J	26502
16	R	26502
16	J	26517
15	R	26517
15	J	26532
19	R	26532
19	J	26547
18	R	26547
18	J	26562
17	R	26562
17	J	26577
16	R	26577
16	J	26592
15	R	26592
15	J	26607
19	R	26607
19	J	26622
18	R	26622
18	J	26637
17	R	26637
17	J	26652
16	R	26652
16	J	26667
15	R	26667
15	J	26682
19	R	26682
19	J	26697
18	R	26697
18	J	26712
17	R	26712
17	J	26727
16	R	26727
16	J	26742
15	R	26742
15	J	26757
19	R	26757
19	J	26772
18	R	26772
18	J	26787
17	R	26787
17	J	26802
16	R	26802
16	J	26817
15	R	26817
15	J	26832
19	R	26832
19	J	26847
18	R	26847
18	J	26862
17	R	26862
17	J	26877
16	R	26877
16	J	26892
15	R	26892
15	J	26907
19	R	26907
19	J	26922
18	R	26922
18	J	26937
17	R	26937
17	J	26952
16	R	26952
16	J	26967
15	R	26967
15	J	26982
19	R	26982
19	J	26997
18	R	26997
18	J	27012
17	R	27012
17	J	27027
16	R	27027
16	J	27042
15	R	27042
15	J	27057
19	R	27057
19	J	27072
18	R	27072
18	J	27087
17	R	27087
17	J	27102
16	R	27102
16	J	27117
15	R	27117
15	J	27132
19	R	27132
19	J	27147
18	R	27147
18	J	27162
17	R	27162
17	W	27171
16	R	27171
16	J	27186
15	R	27186
15	J	27201
19	R	27201
19	J	27216
18	R	27216
18	J	27231
16	R	27231
16	J	27246
15	R	27246
15	J	27261
19	R	27261
17	J	27276
19	J	27276
17	R	27276
17	W	27276
18	R	27276
18	J	27291
16	R	27291
16	J	27306
15	R	27306
15	J	27321
19	R	27321
19	J	27336
18	R	27336
18	J	27351
16	R	27351
16	J	27366
15	R	27366
17	J	27381
15	J	27381
17	R	27381
17	J	27408
19	R	27408
19	J	27423
18	R	27423
18	J	27438
17	R	27438
17	J	27453
16	R	27453
16	J	27468
15	R	27468
15	J	27483
19	R	27483
19	J	27498
18	R	27498
18	J	27513
17	R	27513
17	J	27528
16	R	27528
16	J	27543
15	R	27543
15	J	27558
19	R	27558
19	J	27573
18	R	27573
18	J	27588
17	R	27588
17	J	27603
16	R	27603
16	J	27618
15	R	27618
15	J	27633
19	R	27633
19	W	27634
18	R	27634
18	J	27649
17	R	27649
17	J	27664
16	R	27664
16	J	27679
15	R	27679
15	J	27694
18	R	27694
18	J	27709
17	R	27709
17	J	27724
16	R	27724
19	J	27739
16	J	27739
19	R	27739
19	W	27739
15	R	27739
15	J	27754
18	R	27754
18	J	27769
17	R	27769
17	J	27784
16	R	27784
16	J	27799
15	R	27799
15	J	27814
18	R	27814
18	J	27829
17	R	27829
19	J	27844
17	J	27844
19	R	27844
19	W	27844
16	R	27844
16	J	27859
15	R	27859
15	J	27874
18	R	27874
18	J	27889
17	R	27889
17	J	27904
16	R	27904
16	J	27919
15	R	27919
15	J	27934
18	R	27934
19	J	27949
18	J	27949
19	R	27949
19	W	27949
17	R	27949
17	J	27964
16	R	27964
16	J	27979
15	R	27979
15	J	27994
18	R	27994
18	J	28009
17	R	28009
17	J	28024
16	R	28024
16	J	28039
15	R	28039
19	J	28054
15	J	28054
19	R	28054
19	E	28054
14	J	28054
14	R	28054
14	W	28054
18	R	28054
18	J	28069
17	R	28069
17	J	28084
16	R	28084
16	J	28099
15	R	28099
15	J	28114
18	R	28114
18	J	28129
17	R	28129
17	J	28144
16	R	28144
16	J	28159
15	R	28159
15	J	28174
18	R	28174
18	J	28189
17	R	28189
17	J	28204
16	R	28204
16	J	28219
15	R	28219
15	J	28234
18	R	28234
18	J	28249
17	R	28249
17	J	28264
16	R	28264
16	J	28279
15	R	28279
15	J	28294
18	R	28294
18	J	28309
17	R	28309
17	J	28324
16	R	28324
16	J	28339
15	R	28339
15	J	28354
18	R	28354
18	J	28369
17	R	28369
17	J	28384
16	R	28384
16	W	28390
15	R	28390
15	J	28405
18	R	28405
18	J	28420
17	R	28420
17	J	28435
15	R	28435
15	J	28450
18	R	28450
18	J	28465
17	R	28465
17	J	28480
15	R	28480
16	J	28495
15	J	28495
16	R	28495
16	J	28519
18	R	28519
18	J	28534
17	R	28534
17	J	28549
16	R	28549
16	J	28564
15	R	28564
15	J	28579
18	R	28579
18	J	28594
17	R	28594
17	J	28609
16	R	28609
16	J	28624
15	R	28624
15	J	28639
18	R	28639
18	J	28654
17	R	28654
17	J	28669
16	R	28669
16	J	28684
15	R	28684
15	J	28699
18	R	28699
18	J	28714
17	R	28714
17	J	28729
16	R	28729
16	J	28744
15	R	28744
15	J	28759
18	R	28759
18	J	28774
17	R	28774
17	J	28789
16	R	28789
16	J	28804
15	R	28804
15	J	28819
18	R	28819
18	J	28834
17	R	28834
17	J	28849
16	R	28849
16	J	28864
15	R	28864
15	J	28879
18	R	28879
18	J	28894
17	R	28894
17	J	28909
16	R	28909
16	J	28924
15	R	28924
15	J	28939
18	R	28939
18	W	28951
17	R	28951
17	J	28966
16	R	28966
16	J	28981
15	R	28981
15	J	28996
17	R	28996
17	J	29011
16	R	29011
16	J	29026
15	R	29026
15	J	29041
17	R	29041
18	J	29056
17	J	29056
18	R	29056
18	W	29056
16	R	29056
16	J	29071
15	R	29071
15	J	29086
17	R	29086
17	J	29101
16	R	29101
16	J	29116
15	R	29116
15	J	29131
17	R	29131
17	J	29146
16	R	29146
18	J	29161
16	J	29161
18	R	29161
18	W	29161
15	R	29161
15	J	29176
17	R	29176
17	J	29191
16	R	29191
16	J	29206
15	R	29206
15	J	29221
17	R	29221
17	J	29236
16	R	29236
16	J	29251
15	R	29251
18	J	29266
15	J	29266
18	R	29266
18	E	29266
14	J	29266
14	R	29266
14	W	29266
17	R	29266
17	J	29281
16	R	29281
16	J	29296
15	R	29296
15	J	29311
17	R	29311
17	J	29326
16	R	29326
16	J	29341
15	R	29341
15	J	29356
17	R	29356
17	J	29371
16	R	29371
16	J	29386
15	R	29386
15	J	29401
17	R	29401
17	J	29416
16	R	29416
16	J	29431
15	R	29431
15	J	29446
17	R	29446
17	J	29461
16	R	29461
16	J	29476
15	R	29476
15	J	29491
17	R	29491
17	J	29506
16	R	29506
16	J	29521
15	R	29521
15	J	29536
17	R	29536
17	J	29551
16	R	29551
16	J	29566
15	R	29566
15	J	29581
17	R	29581
17	J	29596
16	R	29596
16	J	29611
15	R	29611
15	J	29626
17	R	29626
17	J	29641
16	R	29641
16	J	29656
15	R	29656
15	J	29671
17	R	29671
17	J	29686
16	R	29686
16	J	29701
15	R	29701
15	J	29716
17	R	29716
17	J	29731
16	R	29731
16	J	29746
15	R	29746
15	J	29761
17	R	29761
17	J	29776
16	R	29776
16	J	29791
15	R	29791
15	J	29806
17	R	29806
17	J	29821
16	R	29821
16	J	29836
15	R	29836
15	J	29851
17	R	29851
17	J	29866
16	R	29866
16	J	29881
15	R	29881
15	J	29896
17	R	29896
17	J	29911
16	R	29911
16	J	29926
15	R	29926
15	J	29941
17	R	29941
17	J	29956
16	R	29956
16	J	29971
15	R	29971
15	J	29986
17	R	29986
17	J	30001
16	R	30001
16	J	30016
15	R	30016
15	J	30031
17	R	30031
17	J	30046
16	R	30046
16	J	30061
15	R	30061
15	J	30076
17	R	30076
17	J	30091
16	R	30091
16	J	30106
15	R	30106
15	J	30121
17	R	30121
17	W	30129
16	R	30129
16	J	30144
15	R	30144
15	J	30159
16	R	30159
16	J	30174
15	R	30174
15	J	30189
16	R	30189
16	J	30204
15	R	30204
15	J	30219
16	R	30219
17	J	30234
16	J	30234
17	R	30234
17	W	30234
15	R	30234
15	J	30249
16	R	30249
16	J	30264
15	R	30264
15	J	30279
16	R	30279
16	J	30294
15	R	30294
15	J	30309
16	R	30309
16	J	30324
15	R	30324
17	J	30339
15	J	30339
17	R	30339
17	E	30339
14	J	30339
14	R	30339
14	W	30339
16	R	30339
16	J	30354
15	R	30354
15	J	30369
16	R	30369
16	J	30384
15	R	30384
15	J	30399
16	R	30399
16	J	30414
15	R	30414
15	J	30429
16	R	30429
16	J	30444
15	R	30444
15	J	30459
16	R	30459
16	J	30474
15	R	30474
15	J	30489
16	R	30489
16	J	30504
15	R	30504
15	J	30519
16	R	30519
16	J	30534
15	R	30534
15	J	30549
16	R	30549
16	J	30564
15	R	30564
15	J	30579
16	R	30579
16	J	30594
15	R	30594
15	J	30609
16	R	30609
16	J	30624
15	R	30624
15	J	30639
16	R	30639
16	J	30654
15	R	30654
15	J	30669
16	R	30669
16	J	30684
15	R	30684
15	J	30699
16	R	30699
16	J	30714
15	R	30714
15	J	30729
16	R	30729
16	J	30744
15	R	30744
15	J	30759
16	R	30759
16	J	30774
15	R	30774
15	J	30789
16	R	30789
16	J	30804
15	R	30804
15	J	30819
16	R	30819
16	J	30834
15	R	30834
15	J	30849
16	R	30849
16	J	30864
15	R	30864
15	J	30879
16	R	30879
16	W	30885
15	R	30885
16	J	30990
15	J	30990
16	R	30990
16	E	30990
14	J	30990
14	R	30990
14	W	30990
15	R	30990
15	E	31255
14	J	31255
14	R	31255
14	E	31256
4	J	31256
4	R	31256
25	N	31257
25	J	31257
4	W	31258
25	R	31258
4	J	31260
25	E	31261
4	R	31261
4	W	31261
0	R	31261
4	J	35059
4	R	35059
4	W	35059
0	R	35059
4	J	35114
4	R	35114
4	W	35114
0	R	35114
4	J	35157
4	R	35157
4	W	35157
0	R	35157
4	J	35190
4	R	35190
4	W	35190
0	R	35190
4	J	35306
4	R	35306
4	W	35306
0	R	35307
4	J	35438
4	R	35438
4	W	35438
0	R	35438
4	J	35486
4	R	35486
4	W	35486
0	R	35486
4	J	35568
4	R	35568
4	W	35568
0	R	35568
4	J	35791
4	R	35791
26	N	35793
26	J	35794
4	W	35794
26	R	35794
