1	N	48
1	J	48
0	J	48
1	R	48
2	N	49
2	J	49
1	W	49
2	R	49
3	N	63
3	J	64
2	J	64
3	R	64
3	W	68
2	R	68
2	E	73
1	J	73
1	R	74
4	N	74
4	J	74
1	W	74
4	R	74
5	N	106
5	J	107
4	W	107
5	R	107
4	J	109
5	E	109
4	R	109
4	W	115
0	R	115
0	W	115
4	J	568
4	R	568
4	W	568
0	R	568
4	J	639
4	R	639
4	W	639
0	R	639
4	J	728
4	R	728
4	W	728
0	R	728
4	J	779
4	R	779
4	W	779
0	R	779
4	J	857
4	R	857
4	W	857
0	R	857
4	J	937
4	R	937
4	W	937
0	R	937
4	J	991
4	R	991
4	W	991
0	R	991
4	J	1061
4	R	1061
4	W	1061
0	R	1061
4	J	1206
4	R	1206
4	W	1206
0	R	1206
4	J	1280
4	R	1280
4	W	1280
0	R	1280
4	J	1309
4	R	1309
4	W	1309
0	R	1309
4	J	1365
4	R	1366
4	W	1366
0	R	1366
4	J	1411
4	R	1412
4	W	1412
0	R	1412
4	J	1463
4	R	1463
4	W	1463
0	R	1463
4	J	1832
4	R	1832
4	W	1832
0	R	1832
4	J	1891
4	R	1891
4	W	1891
0	R	1891
4	J	1974
4	R	1974
4	W	1974
0	R	1974
4	J	2040
4	R	2040
4	W	2040
0	R	2040
4	J	2100
4	R	2100
4	W	2100
0	R	2100
4	J	2147
4	R	2147
4	W	2147
0	R	2147
4	J	2267
4	R	2268
4	W	2268
0	R	2268
4	J	2296
4	R	2296
4	W	2296
0	R	2296
4	J	2343
4	R	2344
4	W	2344
0	R	2344
4	J	2423
4	R	2423
4	W	2423
0	R	2423
4	J	2746
4	R	2746
4	W	2746
0	R	2746
4	J	2822
4	R	2822
4	W	2822
0	R	2822
4	J	2926
4	R	2927
4	W	2927
0	R	2927
4	J	2981
4	R	2981
4	W	2981
0	R	2981
4	J	3003
4	R	3003
4	W	3003
0	R	3003
4	J	3058
4	R	3058
4	W	3058
0	R	3058
3	J	3067
3	R	3067
3	W	3067
0	R	3067
4	J	3112
4	R	3112
4	W	3112
0	R	3112
4	J	3178
4	R	3178
4	W	3178
0	R	3178
4	J	3392
4	R	3392
4	W	3393
0	R	3393
4	J	3454
4	R	3454
4	W	3454
0	R	3454
4	J	3602
4	R	3602
4	W	3602
0	R	3602
4	J	3663
4	R	3663
4	W	3663
0	R	3663
4	J	3693
4	R	3693
4	W	3693
0	R	3693
4	J	3758
4	R	3758
4	W	3758
0	R	3758
4	J	3793
4	R	3793
4	W	3793
0	R	3793
4	J	3849
4	R	3849
4	W	3849
0	R	3849
4	J	4227
4	R	4227
4	W	4227
0	R	4227
4	J	4293
4	R	4293
4	W	4293
0	R	4293
4	J	4336
4	R	4336
6	N	4338
6	J	4338
4	W	4339
6	R	4339
7	N	4343
7	J	4344
6	W	4344
7	R	4344
7	E	4395
6	J	4395
6	R	4395
8	N	4396
8	J	4397
6	W	4397
8	R	4397
8	E	4500
6	J	4500
6	R	4500
9	N	4500
9	J	4501
6	W	4501
9	R	4501
9	E	4529
6	J	4529
6	R	4529
10	N	4531
10	J	4531
6	W	4532
10	R	4532
10	E	4611
6	J	4611
6	R	4611
6	E	4614
4	J	4614
4	R	4614
11	N	4614
11	J	4615
4	W	4615
11	R	4615
4	J	4617
11	E	4618
4	R	4618
4	W	4618
0	R	4618
4	J	4991
4	R	4991
4	W	4991
0	R	4991
4	J	5062
4	R	5062
4	W	5062
0	R	5062
4	J	5073
4	R	5073
4	W	5073
0	R	5073
4	J	5135
4	R	5135
4	W	5135
0	R	5135
4	J	5177
4	R	5177
4	W	5182
0	R	5182
4	J	5250
4	R	5250
4	W	5250
0	R	5250
4	J	5389
4	R	5389
12	N	5391
12	J	5392
4	W	5392
12	R	5392
12	E	5393
4	J	5393
4	R	5393
13	N	5393
13	J	5394
4	W	5394
13	R	5394
4	J	5396
13	E	5397
4	R	5397
4	W	5397
0	R	5397
4	J	5445
4	R	5445
4	W	5445
0	R	5445
4	J	5891
4	R	5891
4	W	5891
0	R	5891
4	J	5962
4	R	5962
4	W	5962
0	R	5962
4	J	5980
4	R	5980
4	W	5980
0	R	5980
4	J	6047
4	R	6047
4	W	6047
0	R	6047
4	J	6153
4	R	6153
4	W	6158
0	R	6158
4	J	6218
4	R	6218
4	W	6218
0	R	6218
4	J	6381
4	R	6381
4	W	6381
0	R	6381
4	J	6463
4	R	6463
4	W	6463
0	R	6463
4	J	6605
4	R	6605
4	W	6610
0	R	6610
4	J	6682
4	R	6682
4	W	6682
0	R	6682
4	J	7067
4	R	7067
14	N	7068
14	J	7068
4	W	7069
14	R	7069
15	N	7070
15	J	7071
16	N	7071
16	J	7071
17	N	7071
17	J	7072
18	N	7072
18	J	7073
19	N	7073
19	J	7073
20	N	7074
20	J	7074
21	N	7074
21	J	7075
22	N	7075
22	J	7075
23	N	7075
23	J	7076
24	N	7076
24	J	7077
14	W	7078
24	R	7078
24	J	7093
23	R	7093
23	J	7108
22	R	7108
22	J	7123
21	R	7123
21	J	7138
20	R	7138
20	J	7153
19	R	7153
19	J	7168
18	R	7168
18	J	7183
17	R	7183
17	J	7198
16	R	7198
16	J	7213
15	R	7213
15	J	7243
16	R	7243
16	J	7257
17	R	7257
17	J	7270
18	R	7270
18	J	7282
19	R	7282
19	J	7293
20	R	7293
20	J	7303
21	R	7303
21	J	7312
22	R	7312
22	J	7320
23	R	7320
23	J	7327
24	R	7327
24	J	7333
15	R	7333
15	J	7348
16	R	7348
16	J	7362
17	R	7362
17	J	7375
18	R	7375
18	J	7387
19	R	7387
19	J	7398
20	R	7398
20	J	7408
21	R	7408
21	J	7417
22	R	7417
22	J	7425
23	R	7425
23	J	7432
24	R	7432
24	J	7438
15	R	7438
15	J	7453
16	R	7453
16	J	7467
17	R	7467
17	J	7480
18	R	7480
18	J	7492
19	R	7492
19	J	7503
20	R	7503
20	J	7513
21	R	7513
21	J	7522
22	R	7522
22	J	7530
23	R	7530
23	J	7537
24	R	7537
24	J	7543
15	R	7543
15	J	7558
16	R	7558
16	J	7572
17	R	7572
17	J	7585
18	R	7585
18	J	7597
19	R	7597
19	J	7608
20	R	7608
20	J	7618
21	R	7618
21	J	7627
22	R	7627
22	J	7635
23	R	7635
23	J	7642
24	R	7642
24	J	7648
15	R	7648
15	J	7663
16	R	7663
16	J	7677
17	R	7677
17	J	7690
18	R	7690
18	J	7702
19	R	7702
19	J	7713
20	R	7713
20	J	7723
21	R	7723
21	J	7732
22	R	7732
22	J	7740
23	R	7740
23	J	7747
24	R	7747
24	J	7753
15	R	7753
15	J	7768
16	R	7768
16	J	7782
17	R	7782
17	J	7795
18	R	7795
18	J	7807
19	R	7807
19	J	7818
20	R	7818
20	J	7828
21	R	7828
21	J	7837
22	R	7837
22	J	7845
23	R	7845
23	J	7852
24	R	7852
24	J	7858
15	R	7858
15	J	7873
16	R	7873
16	J	7887
17	R	7887
17	J	7900
18	R	7900
18	J	7912
19	R	7912
19	J	7923
20	R	7923
20	J	7933
21	R	7933
21	J	7942
22	R	7942
22	J	7950
23	R	7950
23	J	7957
24	R	7957
24	J	7963
15	R	7963
15	J	7978
16	R	7978
16	J	7992
17	R	7992
17	J	8005
18	R	8005
18	J	8017
19	R	8017
19	J	8028
20	R	8028
20	J	8038
21	R	8038
21	J	8047
22	R	8047
22	J	8055
23	R	8055
23	J	8062
24	R	8062
24	J	8068
15	R	8068
15	J	8083
16	R	8083
16	J	8097
17	R	8097
17	J	8110
18	R	8110
18	J	8122
19	R	8122
19	J	8133
20	R	8133
20	J	8143
21	R	8143
21	J	8152
22	R	8152
22	J	8160
23	R	8160
23	J	8167
24	R	8167
24	J	8173
15	R	8173
15	J	8188
16	R	8188
16	J	8202
17	R	8202
17	J	8215
18	R	8215
18	J	8227
19	R	8227
19	J	8238
20	R	8238
20	J	8248
21	R	8248
21	J	8257
22	R	8257
22	J	8265
23	R	8265
23	J	8272
24	R	8272
24	J	8278
15	R	8278
15	J	8293
16	R	8293
16	J	8307
17	R	8307
17	J	8320
18	R	8320
18	J	8332
19	R	8332
19	J	8343
20	R	8343
20	J	8353
21	R	8353
21	J	8362
22	R	8362
22	J	8370
23	R	8370
23	J	8377
24	R	8377
24	J	8383
15	R	8383
15	J	8398
16	R	8398
16	J	8412
17	R	8412
17	J	8425
18	R	8425
18	J	8437
19	R	8437
19	J	8448
20	R	8448
20	J	8458
21	R	8458
21	J	8467
22	R	8467
22	J	8475
23	R	8475
23	J	8482
24	R	8482
24	J	8488
15	R	8488
15	J	8503
16	R	8503
16	J	8517
17	R	8517
17	J	8530
18	R	8530
18	J	8542
19	R	8542
19	J	8553
20	R	8553
20	J	8563
21	R	8563
21	J	8572
22	R	8572
22	J	8580
23	R	8580
23	J	8587
24	R	8587
24	J	8593
15	R	8593
15	J	8608
16	R	8608
16	J	8622
17	R	8622
17	J	8635
18	R	8635
18	J	8647
19	R	8647
19	J	8658
20	R	8658
20	J	8668
21	R	8668
21	J	8677
22	R	8677
22	J	8685
23	R	8685
23	J	8692
24	R	8692
24	J	8698
15	R	8698
15	J	8713
16	R	8713
16	J	8727
17	R	8727
17	J	8740
18	R	8740
18	J	8752
19	R	8752
19	J	8763
20	R	8763
20	J	8773
21	R	8773
21	J	8782
22	R	8782
22	J	8790
23	R	8790
23	J	8797
24	R	8797
24	J	8803
15	R	8803
15	J	8818
16	R	8818
16	J	8832
17	R	8832
17	J	8845
18	R	8845
18	J	8857
19	R	8857
19	J	8868
20	R	8868
20	J	8878
21	R	8878
21	J	8887
22	R	8887
22	J	8895
23	R	8895
23	J	8902
24	R	8902
24	J	8908
15	R	8908
15	J	8923
16	R	8923
16	J	8937
17	R	8937
17	J	8950
18	R	8950
18	J	8962
19	R	8962
19	J	8973
20	R	8973
20	J	8983
21	R	8983
21	J	8992
22	R	8992
22	J	9000
23	R	9000
23	J	9007
24	R	9007
24	J	9013
15	R	9013
15	J	9028
16	R	9028
16	J	9042
17	R	9042
17	J	9055
18	R	9055
18	J	9067
19	R	9067
19	J	9078
20	R	9078
20	J	9088
21	R	9088
21	J	9097
22	R	9097
22	J	9105
23	R	9105
23	J	9112
24	R	9112
24	J	9118
15	R	9118
15	J	9133
16	R	9133
16	J	9147
17	R	9147
17	J	9160
18	R	9160
18	J	9172
19	R	9172
19	J	9183
20	R	9183
20	J	9193
21	R	9193
21	J	9202
22	R	9202
22	J	9210
23	R	9210
23	J	9217
24	R	9217
24	J	9223
15	R	9223
15	J	9238
16	R	9238
16	J	9252
17	R	9252
17	J	9265
18	R	9265
18	J	9277
19	R	9277
19	J	9288
20	R	9288
20	J	9298
21	R	9298
21	J	9307
22	R	9307
22	J	9315
23	R	9315
23	J	9322
24	R	9322
24	J	9328
15	R	9328
15	J	9343
16	R	9343
16	J	9357
17	R	9357
17	J	9370
18	R	9370
18	J	9382
19	R	9382
19	J	9393
20	R	9393
20	J	9403
21	R	9403
21	J	9412
22	R	9412
22	J	9420
23	R	9420
23	J	9427
24	R	9427
24	J	9433
15	R	9433
15	J	9448
16	R	9448
16	J	9462
17	R	9462
17	J	9475
18	R	9475
18	J	9487
19	R	9487
19	J	9498
20	R	9498
20	J	9508
21	R	9508
21	J	9517
22	R	9517
22	J	9525
23	R	9525
23	J	9532
24	R	9532
24	J	9538
15	R	9538
15	J	9553
16	R	9553
16	J	9567
17	R	9567
17	J	9580
18	R	9580
18	J	9592
19	R	9592
19	J	9603
20	R	9603
20	J	9613
21	R	9613
21	J	9622
22	R	9622
22	J	9630
23	R	9630
23	J	9637
24	R	9637
24	J	9643
15	R	9643
15	J	9658
16	R	9658
16	J	9672
17	R	9672
17	J	9685
18	R	9685
18	J	9697
19	R	9697
19	J	9708
20	R	9708
20	J	9718
21	R	9718
21	J	9727
22	R	9727
22	J	9735
23	R	9735
23	J	9742
24	R	9742
24	J	9748
15	R	9748
15	J	9763
16	R	9763
16	J	9777
17	R	9777
17	J	9790
18	R	9790
18	J	9802
19	R	9802
19	J	9813
20	R	9813
20	J	9823
21	R	9823
21	J	9832
22	R	9832
22	J	9840
23	R	9840
23	J	9847
24	R	9847
24	J	9853
15	R	9853
15	J	9868
16	R	9868
16	J	9882
17	R	9882
17	J	9895
18	R	9895
18	J	9907
19	R	9907
19	J	9918
20	R	9918
20	J	9928
21	R	9928
21	J	9937
22	R	9937
22	J	9945
23	R	9945
23	J	9952
24	R	9952
24	J	9958
15	R	9958
15	J	9973
16	R	9973
16	J	9987
17	R	9987
17	J	10000
18	R	10000
18	J	10012
19	R	10012
19	J	10023
20	R	10023
20	J	10033
21	R	10033
21	J	10042
22	R	10042
22	J	10050
23	R	10050
23	J	10057
24	R	10057
24	J	10063
15	R	10063
15	J	10078
16	R	10078
16	J	10092
17	R	10092
17	J	10105
18	R	10105
18	J	10117
19	R	10117
19	J	10128
20	R	10128
20	J	10138
21	R	10138
21	J	10147
22	R	10147
22	J	10155
23	R	10155
23	J	10162
24	R	10162
24	J	10168
15	R	10168
15	J	10183
16	R	10183
16	J	10197
17	R	10197
17	J	10210
18	R	10210
18	J	10222
19	R	10222
19	J	10233
20	R	10233
20	J	10243
21	R	10243
21	J	10252
22	R	10252
22	J	10260
23	R	10260
23	J	10267
24	R	10267
24	J	10273
15	R	10273
15	J	10288
16	R	10288
16	J	10302
17	R	10302
17	J	10315
18	R	10315
18	J	10327
19	R	10327
19	J	10338
20	R	10338
20	J	10348
21	R	10348
21	J	10357
22	R	10357
22	J	10365
23	R	10365
23	J	10372
24	R	10372
24	J	10378
15	R	10378
15	J	10393
16	R	10393
16	J	10407
17	R	10407
17	J	10420
18	R	10420
18	J	10432
19	R	10432
19	J	10443
20	R	10443
20	J	10453
21	R	10453
21	J	10462
22	R	10462
22	J	10470
23	R	10470
23	J	10477
24	R	10477
24	J	10483
15	R	10483
15	J	10498
16	R	10498
16	J	10512
17	R	10512
17	J	10525
18	R	10525
18	J	10537
19	R	10537
19	J	10548
20	R	10548
20	J	10558
21	R	10558
21	J	10567
22	R	10567
22	J	10575
23	R	10575
23	J	10582
24	R	10582
24	J	10588
15	R	10588
15	W	10593
16	R	10593
16	J	10607
17	R	10607
17	J	10620
18	R	10620
18	J	10632
19	R	10632
19	J	10643
20	R	10643
20	J	10653
21	R	10653
21	J	10662
22	R	10662
22	J	10670
23	R	10670
23	J	10677
24	R	10677
24	J	10683
16	R	10683
15	J	10697
16	J	10697
15	R	10697
15	W	10697
17	R	10697
17	J	10710
18	R	10710
18	J	10722
19	R	10722
19	J	10733
20	R	10733
20	J	10743
21	R	10743
21	J	10752
22	R	10752
22	J	10760
23	R	10760
23	J	10767
24	R	10767
24	J	10773
16	R	10773
16	W	10782
17	R	10782
17	J	10795
18	R	10795
15	J	10807
18	J	10807
15	R	10807
15	W	10807
19	R	10807
19	J	10818
20	R	10818
20	J	10828
21	R	10828
21	J	10837
22	R	10837
22	J	10845
23	R	10845
23	J	10852
24	R	10852
24	J	10858
17	R	10858
17	J	10871
18	R	10871
16	J	10883
18	J	10883
16	R	10883
16	W	10883
19	R	10883
19	J	10894
20	R	10894
20	J	10904
21	R	10904
15	J	10913
21	J	10913
15	R	10913
15	W	10913
22	R	10913
22	J	10921
23	R	10921
23	J	10928
24	R	10928
24	J	10934
17	R	10934
17	J	10947
18	R	10947
18	J	10959
19	R	10959
19	J	10970
20	R	10970
20	J	10980
21	R	10980
16	J	10989
21	J	10989
16	R	10989
16	W	10989
22	R	10989
22	J	10997
23	R	10997
23	J	11004
24	R	11004
24	J	11010
17	R	11010
17	W	11014
15	J	11014
15	R	11014
15	W	11014
18	R	11014
18	J	11026
19	R	11026
19	J	11037
20	R	11037
20	J	11047
21	R	11047
21	J	11056
22	R	11056
22	J	11064
23	R	11064
23	J	11071
24	R	11071
24	J	11077
18	R	11077
18	J	11089
19	R	11089
16	J	11100
19	J	11100
16	R	11100
16	W	11100
20	R	11100
20	J	11110
21	R	11110
17	J	11119
15	J	11119
21	J	11119
15	R	11119
15	J	11148
17	R	11148
17	W	11148
22	R	11148
22	J	11156
23	R	11156
23	J	11163
24	R	11163
24	J	11169
15	R	11169
15	J	11184
18	R	11184
18	J	11196
19	R	11196
16	J	11207
19	J	11207
16	R	11207
16	W	11207
20	R	11207
20	J	11217
21	R	11217
21	J	11226
22	R	11226
22	J	11234
23	R	11234
23	J	11241
24	R	11241
24	J	11247
15	R	11247
17	J	11262
15	J	11262
17	R	11262
17	W	11262
18	R	11262
18	W	11267
19	R	11267
19	J	11278
20	R	11278
20	J	11288
21	R	11288
21	J	11297
22	R	11297
22	J	11305
23	R	11305
16	J	11312
23	J	11312
16	R	11312
16	J	11339
24	R	11339
24	J	11345
15	R	11345
15	J	11360
16	R	11360
18	J	11374
17	J	11374
16	J	11374
17	R	11374
17	W	11374
18	R	11374
18	W	11374
19	R	11374
19	J	11385
20	R	11385
20	J	11395
21	R	11395
21	J	11404
22	R	11404
22	J	11412
23	R	11412
23	J	11419
24	R	11419
24	J	11425
15	R	11425
15	J	11440
16	R	11440
16	J	11454
19	R	11454
19	J	11465
20	R	11465
18	J	11475
17	J	11475
20	J	11475
17	R	11475
17	W	11475
18	R	11475
18	W	11475
21	R	11475
21	J	11484
22	R	11484
22	J	11492
23	R	11492
23	J	11499
24	R	11499
24	J	11505
15	R	11505
15	J	11520
16	R	11520
16	J	11534
19	R	11534
19	J	11545
20	R	11545
20	J	11555
21	R	11555
21	J	11564
22	R	11564
22	J	11572
23	R	11572
18	J	11579
17	J	11579
23	J	11579
17	R	11579
17	J	11604
18	R	11604
18	W	11604
24	R	11604
24	J	11610
15	R	11610
15	J	11625
16	R	11625
16	J	11639
17	R	11639
17	J	11652
19	R	11652
19	W	11653
20	R	11653
20	J	11663
21	R	11663
21	J	11672
22	R	11672
22	J	11680
23	R	11680
23	J	11687
24	R	11687
24	J	11693
15	R	11693
18	J	11708
15	J	11708
18	R	11708
18	W	11708
16	R	11708
16	J	11722
17	R	11722
17	J	11735
20	R	11735
20	J	11745
21	R	11745
19	J	11754
21	J	11754
19	R	11754
19	W	11754
22	R	11754
22	J	11762
23	R	11762
23	J	11769
24	R	11769
24	J	11775
15	R	11775
15	J	11790
16	R	11790
16	J	11804
17	R	11804
18	J	11817
17	J	11817
18	R	11817
18	J	11840
20	R	11840
20	J	11850
21	R	11850
19	J	11859
21	J	11859
19	R	11859
19	W	11859
22	R	11859
22	J	11867
23	R	11867
23	J	11874
24	R	11874
24	J	11880
15	R	11880
15	J	11895
16	R	11895
16	J	11909
17	R	11909
17	J	11922
18	R	11922
18	J	11934
20	R	11934
20	J	11944
21	R	11944
21	J	11953
22	R	11953
19	J	11961
22	J	11961
19	R	11961
19	W	11961
23	R	11961
23	J	11968
24	R	11968
24	J	11974
15	R	11974
15	J	11989
16	R	11989
16	J	12003
17	R	12003
17	J	12016
18	R	12016
18	J	12028
20	R	12028
20	W	12033
21	R	12033
21	J	12042
22	R	12042
22	J	12050
23	R	12050
23	J	12057
24	R	12057
19	J	12063
24	J	12063
19	R	12063
19	W	12063
15	R	12063
15	J	12078
16	R	12078
16	J	12092
17	R	12092
17	J	12105
18	R	12105
18	J	12117
21	R	12117
21	J	12126
22	R	12126
20	J	12134
22	J	12134
20	R	12134
20	W	12134
23	R	12134
23	J	12141
24	R	12141
24	J	12147
15	R	12147
15	J	12162
16	R	12162
19	J	12176
16	J	12176
19	R	12176
19	J	12197
17	R	12197
17	J	12210
18	R	12210
18	J	12222
21	R	12222
21	J	12231
22	R	12231
20	J	12239
22	J	12239
20	R	12239
20	W	12239
23	R	12239
23	J	12246
24	R	12246
24	J	12252
15	R	12252
15	J	12267
16	R	12267
16	J	12281
17	R	12281
17	J	12294
18	R	12294
18	J	12306
19	R	12306
19	J	12317
21	R	12317
21	J	12326
22	R	12326
22	J	12334
23	R	12334
20	J	12341
23	J	12341
20	R	12341
20	W	12341
24	R	12341
24	J	12347
15	R	12347
15	J	12362
16	R	12362
16	J	12376
17	R	12376
17	J	12389
18	R	12389
18	J	12401
19	R	12401
19	J	12412
21	R	12412
21	J	12421
22	R	12421
22	J	12429
23	R	12429
23	J	12436
24	R	12436
20	J	12442
24	J	12442
20	R	12442
20	W	12442
15	R	12442
15	J	12457
16	R	12457
16	J	12471
17	R	12471
17	J	12484
18	R	12484
18	J	12496
19	R	12496
19	J	12507
21	R	12507
21	W	12515
22	R	12515
22	J	12523
23	R	12523
23	J	12530
24	R	12530
24	J	12536
15	R	12536
20	J	12551
15	J	12551
20	R	12551
20	J	12570
16	R	12570
16	J	12584
17	R	12584
17	J	12597
18	R	12597
18	J	12609
19	R	12609
21	J	12620
19	J	12620
21	R	12620
21	W	12620
22	R	12620
22	J	12628
23	R	12628
23	J	12635
24	R	12635
24	J	12641
15	R	12641
15	J	12656
16	R	12656
16	J	12670
17	R	12670
17	J	12683
18	R	12683
18	J	12695
19	R	12695
19	J	12706
20	R	12706
20	J	12716
22	R	12716
21	J	12724
22	J	12724
21	R	12724
21	W	12724
23	R	12724
23	J	12731
24	R	12731
24	J	12737
15	R	12737
15	J	12752
16	R	12752
16	J	12766
17	R	12766
17	J	12779
18	R	12779
18	J	12791
19	R	12791
19	J	12802
20	R	12802
20	J	12812
22	R	12812
22	J	12820
23	R	12820
21	J	12827
23	J	12827
21	R	12827
21	W	12827
24	R	12827
24	J	12833
15	R	12833
15	J	12848
16	R	12848
16	J	12862
17	R	12862
17	J	12875
18	R	12875
18	J	12887
19	R	12887
19	J	12898
20	R	12898
20	J	12908
22	R	12908
22	J	12916
23	R	12916
23	J	12923
24	R	12923
21	J	12929
24	J	12929
21	R	12929
21	W	12929
15	R	12929
15	J	12944
16	R	12944
16	J	12958
17	R	12958
17	J	12971
18	R	12971
18	J	12983
19	R	12983
19	J	12994
20	R	12994
20	J	13004
22	R	13004
22	J	13012
23	R	13012
23	J	13019
24	R	13019
24	J	13025
15	R	13025
21	J	13040
15	J	13040
21	R	13040
21	J	13057
16	R	13057
16	J	13071
17	R	13071
17	J	13084
18	R	13084
18	J	13096
19	R	13096
19	J	13107
20	R	13107
20	J	13117
22	R	13117
22	J	13125
23	R	13125
23	J	13132
24	R	13132
24	J	13138
15	R	13138
15	J	13153
16	R	13153
16	J	13167
17	R	13167
17	J	13180
18	R	13180
18	J	13192
19	R	13192
19	J	13203
20	R	13203
20	J	13213
21	R	13213
21	J	13222
22	R	13222
22	W	13227
23	R	13227
23	J	13234
24	R	13234
24	J	13240
15	R	13240
15	J	13255
16	R	13255
16	J	13269
17	R	13269
17	J	13282
18	R	13282
18	J	13294
19	R	13294
19	J	13305
20	R	13305
20	J	13315
21	R	13315
21	J	13324
23	R	13324
22	J	13331
23	J	13331
22	R	13331
22	W	13331
24	R	13331
24	J	13337
15	R	13337
15	J	13352
16	R	13352
16	J	13366
17	R	13366
17	J	13379
18	R	13379
18	J	13391
19	R	13391
19	J	13402
20	R	13402
20	J	13412
21	R	13412
21	J	13421
23	R	13421
23	J	13428
24	R	13428
22	J	13434
24	J	13434
22	R	13434
22	W	13434
15	R	13434
15	J	13449
16	R	13449
16	J	13463
17	R	13463
17	J	13476
18	R	13476
18	J	13488
19	R	13488
19	J	13499
20	R	13499
20	J	13509
21	R	13509
21	J	13518
23	R	13518
23	J	13525
24	R	13525
24	J	13531
15	R	13531
22	J	13546
15	J	13546
22	R	13546
22	W	13546
16	R	13546
16	J	13560
17	R	13560
17	J	13573
18	R	13573
18	J	13585
19	R	13585
19	J	13596
20	R	13596
20	J	13606
21	R	13606
21	J	13615
23	R	13615
23	J	13622
24	R	13622
24	J	13628
15	R	13628
15	J	13643
16	R	13643
22	J	13657
16	J	13657
22	R	13657
22	W	13657
17	R	13657
17	J	13670
18	R	13670
18	J	13682
19	R	13682
19	J	13693
20	R	13693
20	J	13703
21	R	13703
21	J	13712
23	R	13712
23	J	13719
24	R	13719
24	J	13725
15	R	13725
15	J	13740
16	R	13740
16	J	13754
17	R	13754
22	J	13767
17	J	13767
22	R	13767
22	J	13782
18	R	13782
18	J	13794
19	R	13794
19	J	13805
20	R	13805
20	J	13815
21	R	13815
21	J	13824
23	R	13824
23	J	13831
24	R	13831
24	J	13837
15	R	13837
15	J	13852
16	R	13852
16	J	13866
17	R	13866
17	J	13879
18	R	13879
18	J	13891
19	R	13891
19	J	13902
20	R	13902
20	J	13912
21	R	13912
21	J	13921
22	R	13921
22	J	13929
23	R	13929
23	J	13936
24	R	13936
24	J	13942
15	R	13942
15	J	13957
16	R	13957
16	J	13971
17	R	13971
17	J	13984
18	R	13984
18	J	13996
19	R	13996
19	J	14007
20	R	14007
20	J	14017
21	R	14017
21	J	14026
22	R	14026
22	J	14034
23	R	14034
23	J	14041
24	R	14041
24	J	14047
15	R	14047
15	J	14062
16	R	14062
16	J	14076
17	R	14076
17	J	14089
18	R	14089
18	J	14101
19	R	14101
19	J	14112
20	R	14112
20	J	14122
21	R	14122
21	J	14131
22	R	14131
22	J	14139
23	R	14139
23	W	14141
24	R	14141
24	J	14147
15	R	14147
15	W	14153
16	R	14153
16	J	14167
17	R	14167
17	J	14180
18	R	14180
18	J	14192
19	R	14192
19	J	14203
20	R	14203
20	J	14213
21	R	14213
21	J	14222
22	R	14222
22	J	14230
24	R	14230
24	J	14236
16	R	14236
23	J	14250
16	J	14250
17	R	14250
15	J	14263
17	J	14263
15	R	14263
15	W	14263
18	R	14263
18	J	14275
23	R	14275
23	W	14275
19	R	14275
19	J	14286
20	R	14286
20	J	14296
21	R	14296
21	J	14305
22	R	14305
22	J	14313
24	R	14313
24	J	14319
16	R	14319
16	J	14333
17	R	14333
17	J	14346
18	R	14346
18	J	14358
19	R	14358
15	J	14369
19	J	14369
15	R	14369
15	W	14369
20	R	14369
23	J	14379
20	J	14379
23	R	14379
23	W	14379
21	R	14379
21	J	14388
22	R	14388
22	J	14396
24	R	14396
24	J	14402
16	R	14402
16	J	14416
17	R	14416
17	J	14429
18	R	14429
18	J	14441
19	R	14441
19	J	14452
20	R	14452
20	J	14462
21	R	14462
15	J	14471
21	J	14471
15	R	14471
15	W	14471
22	R	14471
22	J	14479
24	R	14479
23	J	14485
24	J	14485
23	R	14485
23	W	14485
16	R	14485
16	W	14496
17	R	14496
17	J	14509
18	R	14509
18	J	14521
19	R	14521
19	J	14532
20	R	14532
20	J	14542
21	R	14542
21	J	14551
22	R	14551
22	J	14559
24	R	14559
24	J	14565
17	R	14565
15	J	14578
17	J	14578
15	R	14578
15	W	14578
18	R	14578
23	J	14590
18	J	14590
23	R	14590
23	W	14590
19	R	14590
16	J	14601
19	J	14601
16	R	14601
16	W	14601
20	R	14601
20	J	14611
21	R	14611
21	J	14620
22	R	14620
22	J	14628
24	R	14628
24	J	14634
17	R	14634
17	J	14647
18	R	14647
18	J	14659
19	R	14659
19	J	14670
20	R	14670
15	J	14680
20	J	14680
15	R	14680
23	J	14709
16	J	14709
15	J	14709
16	R	14709
16	W	14709
23	R	14709
23	J	14722
21	R	14722
21	J	14731
22	R	14731
22	J	14739
24	R	14739
24	J	14745
15	R	14745
15	J	14760
17	R	14760
17	J	14773
18	R	14773
18	J	14785
19	R	14785
19	J	14796
20	R	14796
20	J	14806
21	R	14806
16	J	14815
21	J	14815
16	R	14815
16	W	14815
22	R	14815
22	J	14823
23	R	14823
23	J	14830
24	R	14830
24	J	14836
15	R	14836
15	J	14851
17	R	14851
17	J	14864
18	R	14864
18	J	14876
19	R	14876
19	J	14887
20	R	14887
20	J	14897
21	R	14897
21	J	14906
22	R	14906
22	J	14914
23	R	14914
16	J	14921
23	J	14921
16	R	14921
16	W	14921
24	R	14921
24	J	14927
15	R	14927
15	J	14942
17	R	14942
17	J	14955
18	R	14955
18	J	14967
19	R	14967
19	J	14978
20	R	14978
20	J	14988
21	R	14988
21	J	14997
22	R	14997
22	J	15005
23	R	15005
23	J	15012
24	R	15012
24	J	15018
15	R	15018
16	J	15033
15	J	15033
16	R	15033
16	J	15060
17	R	15060
17	W	15067
18	R	15067
18	J	15079
19	R	15079
19	J	15090
20	R	15090
20	J	15100
21	R	15100
21	J	15109
22	R	15109
22	J	15117
23	R	15117
23	J	15124
24	R	15124
24	W	15129
15	R	15129
15	J	15144
16	R	15144
16	J	15158
18	R	15158
17	J	15170
18	J	15170
17	R	15170
17	W	15170
19	R	15170
19	J	15181
20	R	15181
20	J	15191
21	R	15191
21	J	15200
22	R	15200
22	J	15208
23	R	15208
23	J	15215
15	R	15215
24	J	15230
15	J	15230
16	R	15230
16	J	15244
18	R	15244
18	J	15256
19	R	15256
19	J	15267
20	R	15267
17	J	15277
20	J	15277
17	R	15277
17	W	15277
24	R	15277
24	W	15277
21	R	15277
21	J	15286
22	R	15286
22	J	15294
23	R	15294
23	J	15301
15	R	15301
15	J	15316
16	R	15316
16	J	15330
18	R	15330
18	J	15342
19	R	15342
19	J	15353
20	R	15353
20	J	15363
21	R	15363
21	J	15372
22	R	15372
24	J	15380
17	J	15380
22	J	15380
17	R	15380
17	W	15380
24	R	15380
24	W	15380
23	R	15380
23	J	15387
15	R	15387
15	J	15402
16	R	15402
16	J	15416
18	R	15416
18	J	15428
19	R	15428
19	J	15439
20	R	15439
20	J	15449
21	R	15449
21	J	15458
22	R	15458
22	J	15466
23	R	15466
23	J	15473
15	R	15473
24	J	15488
17	J	15488
15	J	15488
17	R	15488
17	W	15488
16	R	15488
16	J	15502
18	R	15502
18	J	15514
24	R	15514
24	W	15514
19	R	15514
19	J	15525
20	R	15525
20	J	15535
21	R	15535
21	J	15544
22	R	15544
22	J	15552
23	R	15552
23	J	15559
15	R	15559
15	J	15574
16	R	15574
16	J	15588
18	R	15588
18	W	15597
17	J	15597
17	R	15597
24	J	15622
17	J	15622
24	R	15622
24	W	15622
19	R	15622
19	J	15633
20	R	15633
20	J	15643
21	R	15643
21	J	15652
22	R	15652
22	J	15660
23	R	15660
23	J	15667
15	R	15667
15	J	15682
16	R	15682
16	J	15696
17	R	15696
18	J	15709
17	J	15709
18	R	15709
18	W	15709
19	R	15709
19	J	15720
20	R	15720
24	J	15730
20	J	15730
24	R	15730
24	J	15741
21	R	15741
21	J	15750
22	R	15750
22	J	15758
23	R	15758
23	J	15765
15	R	15765
15	J	15780
16	R	15780
16	J	15794
17	R	15794
17	J	15807
19	R	15807
18	J	15818
19	J	15818
18	R	15818
18	W	15818
20	R	15818
20	J	15828
21	R	15828
21	J	15837
22	R	15837
22	J	15845
23	R	15845
23	J	15852
24	R	15852
24	J	15858
15	R	15858
15	J	15873
16	R	15873
16	J	15887
17	R	15887
17	J	15900
19	R	15900
19	J	15911
20	R	15911
18	J	15921
20	J	15921
18	R	15921
18	W	15921
21	R	15921
21	J	15930
22	R	15930
22	J	15938
23	R	15938
23	J	15945
24	R	15945
24	J	15951
15	R	15951
15	J	15966
16	R	15966
16	J	15980
17	R	15980
17	J	15993
19	R	15993
19	J	16004
20	R	16004
20	J	16014
21	R	16014
18	J	16023
21	J	16023
18	R	16023
18	W	16023
22	R	16023
22	J	16031
23	R	16031
23	J	16038
24	R	16038
24	J	16044
15	R	16044
15	J	16059
16	R	16059
16	J	16073
17	R	16073
17	J	16086
19	R	16086
19	J	16097
20	R	16097
20	J	16107
21	R	16107
21	J	16116
22	R	16116
18	J	16124
22	J	16124
18	R	16124
18	J	16147
23	R	16147
23	J	16154
24	R	16154
24	J	16160
15	R	16160
15	J	16175
16	R	16175
16	J	16189
17	R	16189
17	J	16202
18	R	16202
18	J	16214
19	R	16214
19	J	16225
20	R	16225
20	J	16235
21	R	16235
21	J	16244
22	R	16244
22	J	16252
23	R	16252
23	J	16259
24	R	16259
24	J	16265
15	R	16265
15	J	16280
16	R	16280
16	J	16294
17	R	16294
17	J	16307
18	R	16307
18	J	16319
19	R	16319
19	J	16330
20	R	16330
20	J	16340
21	R	16340
21	J	16349
22	R	16349
22	J	16357
23	R	16357
23	J	16364
24	R	16364
24	J	16370
15	R	16370
15	J	16385
16	R	16385
16	J	16399
17	R	16399
17	J	16412
18	R	16412
18	J	16424
19	R	16424
19	W	16430
20	R	16430
20	J	16440
21	R	16440
21	J	16449
22	R	16449
22	J	16457
23	R	16457
23	J	16464
24	R	16464
24	J	16470
15	R	16470
15	J	16485
16	R	16485
16	J	16499
17	R	16499
17	J	16512
18	R	16512
18	J	16524
20	R	16524
19	J	16534
20	J	16534
19	R	16534
19	W	16534
21	R	16534
21	J	16543
22	R	16543
22	J	16551
23	R	16551
23	J	16558
24	R	16558
24	J	16564
15	R	16564
15	J	16579
16	R	16579
16	J	16593
17	R	16593
17	J	16606
18	R	16606
18	J	16618
20	R	16618
20	J	16628
21	R	16628
19	J	16637
21	J	16637
19	R	16637
19	W	16637
22	R	16637
22	J	16645
23	R	16645
23	J	16652
24	R	16652
24	J	16658
15	R	16658
15	J	16673
16	R	16673
16	J	16687
17	R	16687
17	J	16700
18	R	16700
18	J	16712
20	R	16712
20	J	16722
21	R	16722
21	J	16731
22	R	16731
19	J	16739
22	J	16739
19	R	16739
19	W	16739
23	R	16739
23	J	16746
24	R	16746
24	J	16752
15	R	16752
15	J	16767
16	R	16767
16	J	16781
17	R	16781
17	J	16794
18	R	16794
18	J	16806
20	R	16806
20	J	16816
21	R	16816
21	J	16825
22	R	16825
22	J	16833
23	R	16833
19	J	16840
23	J	16840
19	R	16840
19	W	16840
24	R	16840
24	J	16846
15	R	16846
15	J	16861
16	R	16861
16	J	16875
17	R	16875
17	J	16888
18	R	16888
18	J	16900
20	R	16900
20	J	16910
21	R	16910
21	J	16919
22	R	16919
22	J	16927
23	R	16927
23	J	16934
24	R	16934
24	J	16940
15	R	16940
19	J	16955
15	J	16955
19	R	16955
19	J	16976
16	R	16976
16	J	16990
17	R	16990
17	J	17003
18	R	17003
18	J	17015
20	R	17015
20	J	17025
21	R	17025
21	J	17034
22	R	17034
22	J	17042
23	R	17042
23	J	17049
24	R	17049
24	J	17055
15	R	17055
15	J	17070
16	R	17070
16	J	17084
17	R	17084
17	J	17097
18	R	17097
18	J	17109
19	R	17109
19	J	17120
20	R	17120
20	J	17130
21	R	17130
21	J	17139
22	R	17139
22	J	17147
23	R	17147
23	J	17154
24	R	17154
24	J	17160
15	R	17160
15	J	17175
16	R	17175
16	J	17189
17	R	17189
17	J	17202
18	R	17202
18	J	17214
19	R	17214
19	J	17225
20	R	17225
20	J	17235
21	R	17235
21	J	17244
22	R	17244
22	J	17252
23	R	17252
23	J	17259
24	R	17259
24	J	17265
15	R	17265
15	J	17280
16	R	17280
16	J	17294
17	R	17294
17	J	17307
18	R	17307
18	J	17319
19	R	17319
19	J	17330
20	R	17330
20	W	17331
21	R	17331
21	J	17340
22	R	17340
22	J	17348
23	R	17348
23	J	17355
24	R	17355
24	J	17361
15	R	17361
15	J	17376
16	R	17376
16	J	17390
17	R	17390
17	J	17403
18	R	17403
18	J	17415
19	R	17415
19	J	17426
21	R	17426
20	J	17435
21	J	17435
20	R	17435
20	W	17435
22	R	17435
22	J	17443
23	R	17443
23	J	17450
24	R	17450
24	J	17456
15	R	17456
15	J	17471
16	R	17471
16	J	17485
17	R	17485
17	J	17498
18	R	17498
18	J	17510
19	R	17510
19	J	17521
21	R	17521
21	J	17530
22	R	17530
20	J	17538
22	J	17538
20	R	17538
20	W	17538
23	R	17538
23	J	17545
24	R	17545
24	J	17551
15	R	17551
15	J	17566
16	R	17566
16	J	17580
17	R	17580
17	J	17593
18	R	17593
18	J	17605
19	R	17605
19	J	17616
21	R	17616
21	J	17625
22	R	17625
22	J	17633
23	R	17633
20	J	17640
23	J	17640
20	R	17640
20	W	17640
24	R	17640
24	J	17646
15	R	17646
15	J	17661
16	R	17661
16	J	17675
17	R	17675
17	J	17688
18	R	17688
18	J	17700
19	R	17700
19	J	17711
21	R	17711
21	J	17720
22	R	17720
22	J	17728
23	R	17728
23	J	17735
24	R	17735
20	J	17741
24	J	17741
20	R	17741
20	W	17741
15	R	17741
15	W	17747
16	R	17747
16	J	17761
17	R	17761
17	J	17774
18	R	17774
18	J	17786
19	R	17786
19	J	17797
21	R	17797
21	J	17806
22	R	17806
22	J	17814
23	R	17814
23	J	17821
24	R	17821
24	J	17827
16	R	17827
16	J	17841
17	R	17841
20	J	17854
15	J	17854
17	J	17854
20	R	17854
20	J	17873
15	R	17873
15	W	17873
18	R	17873
18	J	17885
19	R	17885
19	J	17896
21	R	17896
21	J	17905
22	R	17905
22	J	17913
23	R	17913
23	J	17920
24	R	17920
24	J	17926
16	R	17926
16	J	17940
17	R	17940
17	J	17953
18	R	17953
18	J	17965
19	R	17965
15	J	17976
19	J	17976
15	R	17976
15	W	17976
20	R	17976
20	J	17986
21	R	17986
21	J	17995
22	R	17995
22	J	18003
23	R	18003
23	J	18010
24	R	18010
24	J	18016
16	R	18016
16	J	18030
17	R	18030
17	J	18043
18	R	18043
18	J	18055
19	R	18055
19	J	18066
20	R	18066
20	J	18076
21	R	18076
15	J	18085
21	J	18085
15	R	18085
15	W	18085
22	R	18085
22	J	18093
23	R	18093
23	J	18100
24	R	18100
24	J	18106
16	R	18106
16	J	18120
17	R	18120
17	J	18133
18	R	18133
18	J	18145
19	R	18145
19	J	18156
20	R	18156
20	J	18166
21	R	18166
21	J	18175
22	R	18175
22	J	18183
23	R	18183
15	J	18190
23	J	18190
15	R	18190
15	W	18190
24	R	18190
24	J	18196
16	R	18196
16	J	18210
17	R	18210
17	J	18223
18	R	18223
18	J	18235
19	R	18235
19	J	18246
20	R	18246
20	J	18256
21	R	18256
21	W	18262
22	R	18262
22	J	18270
23	R	18270
23	J	18277
24	R	18277
24	J	18283
16	R	18283
16	W	18294
15	J	18294
15	R	18294
15	J	18323
17	R	18323
17	J	18336
18	R	18336
18	J	18348
19	R	18348
19	J	18359
20	R	18359
21	J	18369
20	J	18369
21	R	18369
21	W	18369
22	R	18369
22	J	18377
23	R	18377
23	J	18384
24	R	18384
24	J	18390
15	R	18390
16	J	18405
15	J	18405
16	R	18405
16	W	18405
17	R	18405
17	J	18418
18	R	18418
18	J	18430
19	R	18430
19	J	18441
20	R	18441
20	J	18451
22	R	18451
22	J	18459
23	R	18459
23	J	18466
24	R	18466
21	J	18472
24	J	18472
21	R	18472
21	W	18472
15	R	18472
15	J	18487
17	R	18487
17	J	18500
18	R	18500
16	J	18512
18	J	18512
16	R	18512
16	W	18512
19	R	18512
19	J	18523
20	R	18523
20	J	18533
22	R	18533
22	J	18541
23	R	18541
23	J	18548
24	R	18548
24	J	18554
15	R	18554
15	J	18569
17	R	18569
21	J	18582
17	J	18582
21	R	18582
21	W	18582
18	R	18582
18	J	18594
19	R	18594
19	J	18605
20	R	18605
16	J	18615
20	J	18615
16	R	18615
16	W	18615
22	R	18615
22	J	18623
23	R	18623
23	J	18630
24	R	18630
24	J	18636
15	R	18636
15	J	18651
17	R	18651
17	J	18664
18	R	18664
18	J	18676
19	R	18676
21	J	18687
19	J	18687
21	R	18687
21	W	18687
20	R	18687
20	J	18697
22	R	18697
22	J	18705
23	R	18705
23	J	18712
24	R	18712
16	J	18718
24	J	18718
16	R	18718
16	W	18718
15	R	18718
15	J	18733
17	R	18733
17	J	18746
18	R	18746
18	J	18758
19	R	18758
19	J	18769
20	R	18769
20	J	18779
22	R	18779
22	J	18787
23	R	18787
21	J	18794
23	J	18794
21	R	18794
21	J	18811
24	R	18811
24	J	18817
15	R	18817
16	J	18832
15	J	18832
16	R	18832
16	J	18859
17	R	18859
17	J	18872
18	R	18872
18	J	18884
19	R	18884
19	J	18895
20	R	18895
20	J	18905
21	R	18905
21	J	18914
22	R	18914
22	J	18922
23	R	18922
23	J	18929
24	R	18929
24	J	18935
15	R	18935
15	J	18950
16	R	18950
16	J	18964
17	R	18964
17	J	18977
18	R	18977
18	J	18989
19	R	18989
19	J	19000
20	R	19000
20	J	19010
21	R	19010
21	J	19019
22	R	19019
22	J	19027
23	R	19027
23	J	19034
24	R	19034
24	J	19040
15	R	19040
15	J	19055
16	R	19055
16	J	19069
17	R	19069
17	J	19082
18	R	19082
18	J	19094
19	R	19094
19	J	19105
20	R	19105
20	J	19115
21	R	19115
21	J	19124
22	R	19124
22	J	19132
23	R	19132
23	J	19139
24	R	19139
24	J	19145
15	R	19145
15	J	19160
16	R	19160
16	J	19174
17	R	19174
17	W	19181
18	R	19181
18	J	19193
19	R	19193
19	J	19204
20	R	19204
20	J	19214
21	R	19214
21	J	19223
22	R	19223
22	J	19231
23	R	19231
23	J	19238
24	R	19238
24	J	19244
15	R	19244
15	J	19259
16	R	19259
16	J	19273
18	R	19273
17	J	19285
18	J	19285
17	R	19285
17	W	19285
19	R	19285
19	J	19296
20	R	19296
20	J	19306
21	R	19306
21	J	19315
22	R	19315
22	J	19323
23	R	19323
23	J	19330
24	R	19330
24	J	19336
15	R	19336
15	J	19351
16	R	19351
16	J	19365
18	R	19365
18	J	19377
19	R	19377
17	J	19388
19	J	19388
17	R	19388
17	W	19388
20	R	19388
20	J	19398
21	R	19398
21	J	19407
22	R	19407
22	J	19415
23	R	19415
23	J	19422
24	R	19422
24	J	19428
15	R	19428
15	J	19443
16	R	19443
16	J	19457
18	R	19457
18	J	19469
19	R	19469
19	J	19480
20	R	19480
17	J	19490
20	J	19490
17	R	19490
17	W	19490
21	R	19490
21	J	19499
22	R	19499
22	J	19507
23	R	19507
23	J	19514
24	R	19514
24	J	19520
15	R	19520
15	J	19535
16	R	19535
16	J	19549
18	R	19549
18	J	19561
19	R	19561
19	J	19572
20	R	19572
20	J	19582
21	R	19582
17	J	19591
21	J	19591
17	R	19591
17	W	19591
22	R	19591
22	W	19596
23	R	19596
23	J	19603
24	R	19603
24	J	19609
15	R	19609
15	J	19624
16	R	19624
16	J	19638
18	R	19638
18	J	19650
19	R	19650
19	J	19661
20	R	19661
20	J	19671
21	R	19671
21	J	19680
23	R	19680
23	J	19687
24	R	19687
17	J	19693
24	J	19693
17	R	19693
22	J	19718
17	J	19718
22	R	19718
22	W	19718
15	R	19718
15	J	19733
16	R	19733
16	J	19747
17	R	19747
17	J	19760
18	R	19760
18	J	19772
19	R	19772
19	J	19783
20	R	19783
20	J	19793
21	R	19793
21	J	19802
23	R	19802
23	J	19809
24	R	19809
24	J	19815
15	R	19815
22	J	19830
15	J	19830
22	R	19830
22	W	19830
16	R	19830
16	J	19844
17	R	19844
17	J	19857
18	R	19857
18	J	19869
19	R	19869
19	J	19880
20	R	19880
20	J	19890
21	R	19890
21	J	19899
23	R	19899
23	J	19906
24	R	19906
24	J	19912
15	R	19912
15	J	19927
16	R	19927
22	J	19941
16	J	19941
22	R	19941
22	W	19941
17	R	19941
17	J	19954
18	R	19954
18	W	19963
19	R	19963
19	J	19974
20	R	19974
20	J	19984
21	R	19984
21	J	19993
23	R	19993
23	J	20000
24	R	20000
24	J	20006
15	R	20006
15	J	20021
16	R	20021
16	J	20035
17	R	20035
22	J	20048
17	J	20048
22	R	20048
22	W	20048
19	R	20048
19	J	20059
20	R	20059
18	J	20069
20	J	20069
18	R	20069
18	W	20069
21	R	20069
21	J	20078
23	R	20078
23	J	20085
24	R	20085
24	J	20091
15	R	20091
15	J	20106
16	R	20106
16	J	20120
17	R	20120
17	J	20133
19	R	20133
19	J	20144
20	R	20144
22	J	20154
20	J	20154
22	R	20154
22	J	20169
21	R	20169
18	J	20178
21	J	20178
18	R	20178
18	W	20178
23	R	20178
23	J	20185
24	R	20185
24	J	20191
15	R	20191
15	J	20206
16	R	20206
16	J	20220
17	R	20220
17	J	20233
19	R	20233
19	J	20244
20	R	20244
20	J	20254
21	R	20254
21	J	20263
22	R	20263
22	J	20271
23	R	20271
23	J	20278
24	R	20278
18	J	20284
24	J	20284
18	R	20284
18	W	20284
15	R	20284
15	J	20299
16	R	20299
16	J	20313
17	R	20313
17	J	20326
19	R	20326
19	J	20337
20	R	20337
20	J	20347
21	R	20347
21	J	20356
22	R	20356
22	J	20364
23	R	20364
23	J	20371
24	R	20371
24	J	20377
15	R	20377
18	J	20392
15	J	20392
18	R	20392
18	W	20392
16	R	20392
16	J	20406
17	R	20406
17	J	20419
19	R	20419
19	J	20430
20	R	20430
20	J	20440
21	R	20440
21	J	20449
22	R	20449
22	J	20457
23	R	20457
23	J	20464
24	R	20464
24	J	20470
15	R	20470
15	J	20485
16	R	20485
18	J	20499
16	J	20499
18	R	20499
18	J	20522
17	R	20522
17	J	20535
19	R	20535
19	J	20546
20	R	20546
20	J	20556
21	R	20556
21	J	20565
22	R	20565
22	J	20573
23	R	20573
23	J	20580
24	R	20580
24	J	20586
15	R	20586
15	J	20601
16	R	20601
16	J	20615
17	R	20615
17	J	20628
18	R	20628
18	J	20640
19	R	20640
19	J	20651
20	R	20651
20	J	20661
21	R	20661
21	J	20670
22	R	20670
22	J	20678
23	R	20678
23	J	20685
24	R	20685
24	J	20691
15	R	20691
15	J	20706
16	R	20706
16	J	20720
17	R	20720
17	J	20733
18	R	20733
18	J	20745
19	R	20745
19	J	20756
20	R	20756
20	J	20766
21	R	20766
21	J	20775
22	R	20775
22	J	20783
23	R	20783
23	J	20790
24	R	20790
24	J	20796
15	R	20796
15	J	20811
16	R	20811
16	J	20825
17	R	20825
17	J	20838
18	R	20838
18	J	20850
19	R	20850
19	J	20861
20	R	20861
20	J	20871
21	R	20871
21	J	20880
22	R	20880
22	J	20888
23	R	20888
23	J	20895
24	R	20895
24	J	20901
15	R	20901
15	J	20916
16	R	20916
16	J	20930
17	R	20930
17	J	20943
18	R	20943
18	J	20955
19	R	20955
19	J	20966
20	R	20966
20	J	20976
21	R	20976
21	J	20985
22	R	20985
22	J	20993
23	R	20993
23	J	21000
24	R	21000
24	J	21006
15	R	21006
15	J	21021
16	R	21021
16	J	21035
17	R	21035
17	J	21048
18	R	21048
18	J	21060
19	R	21060
19	J	21071
20	R	21071
20	J	21081
21	R	21081
21	J	21090
22	R	21090
22	J	21098
23	R	21098
23	J	21105
24	R	21105
24	J	21111
15	R	21111
15	J	21126
16	R	21126
16	J	21140
17	R	21140
17	J	21153
18	R	21153
18	J	21165
19	R	21165
19	J	21176
20	R	21176
20	J	21186
21	R	21186
21	J	21195
22	R	21195
22	J	21203
23	R	21203
23	J	21210
24	R	21210
24	J	21216
15	R	21216
15	J	21231
16	R	21231
16	J	21245
17	R	21245
17	J	21258
18	R	21258
18	J	21270
19	R	21270
19	W	21276
20	R	21276
20	J	21286
21	R	21286
21	J	21295
22	R	21295
22	J	21303
23	R	21303
23	J	21310
24	R	21310
24	J	21316
15	R	21316
15	J	21331
16	R	21331
16	J	21345
17	R	21345
17	J	21358
18	R	21358
18	J	21370
20	R	21370
19	J	21380
20	J	21380
19	R	21380
19	W	21380
21	R	21380
21	J	21389
22	R	21389
22	J	21397
23	R	21397
23	J	21404
24	R	21404
24	J	21410
15	R	21410
15	W	21416
16	R	21416
16	J	21430
17	R	21430
17	J	21443
18	R	21443
18	J	21455
20	R	21455
20	J	21465
21	R	21465
21	J	21474
22	R	21474
19	J	21482
22	J	21482
19	R	21482
19	W	21482
23	R	21482
23	W	21486
24	R	21486
24	J	21492
16	R	21492
16	J	21506
17	R	21506
15	J	21519
17	J	21519
15	R	21519
15	W	21519
18	R	21519
18	J	21531
20	R	21531
20	J	21541
21	R	21541
21	J	21550
22	R	21550
22	J	21558
24	R	21558
24	J	21564
16	R	21564
16	J	21578
17	R	21578
23	J	21591
19	J	21591
17	J	21591
19	R	21591
19	W	21591
18	R	21591
18	J	21603
23	R	21603
23	W	21603
20	R	21603
20	J	21613
21	R	21613
15	J	21622
21	J	21622
15	R	21622
15	W	21622
22	R	21622
22	J	21630
24	R	21630
24	J	21636
16	R	21636
16	J	21650
17	R	21650
17	J	21663
18	R	21663
18	J	21675
20	R	21675
20	J	21685
21	R	21685
19	J	21694
21	J	21694
19	R	21694
19	W	21694
22	R	21694
22	J	21702
24	R	21702
23	J	21708
24	J	21708
23	R	21708
23	W	21708
16	R	21708
16	J	21722
17	R	21722
15	J	21735
17	J	21735
15	R	21735
15	W	21735
18	R	21735
18	J	21747
20	R	21747
20	J	21757
21	R	21757
21	J	21766
22	R	21766
22	J	21774
24	R	21774
24	J	21780
16	R	21780
16	J	21794
17	R	21794
19	J	21807
17	J	21807
19	R	21807
23	J	21828
19	J	21828
23	R	21828
23	W	21828
18	R	21828
15	J	21840
18	J	21840
15	R	21840
15	W	21840
20	R	21840
20	J	21850
21	R	21850
21	J	21859
22	R	21859
22	J	21867
24	R	21867
24	J	21873
16	R	21873
16	J	21887
17	R	21887
17	J	21900
18	R	21900
18	J	21912
19	R	21912
19	J	21923
20	R	21923
23	J	21933
20	J	21933
23	R	21933
23	W	21933
21	R	21933
15	J	21942
21	J	21942
15	R	21942
15	E	21942
14	J	21942
14	R	21942
14	W	21942
22	R	21942
22	J	21950
24	R	21950
24	J	21956
16	R	21956
16	J	21970
17	R	21970
17	J	21983
18	R	21983
18	J	21995
19	R	21995
19	J	22006
20	R	22006
20	J	22016
21	R	22016
21	J	22025
22	R	22025
22	J	22033
24	R	22033
23	J	22039
24	J	22039
23	R	22039
23	J	22052
16	R	22052
16	W	22063
17	R	22063
17	J	22076
18	R	22076
18	J	22088
19	R	22088
19	J	22099
20	R	22099
20	J	22109
21	R	22109
21	J	22118
22	R	22118
22	J	22126
23	R	22126
23	J	22133
24	R	22133
24	J	22139
17	R	22139
17	J	22152
18	R	22152
16	J	22164
18	J	22164
16	R	22164
16	W	22164
19	R	22164
19	J	22175
20	R	22175
20	J	22185
21	R	22185
21	J	22194
22	R	22194
22	J	22202
23	R	22202
23	J	22209
24	R	22209
24	J	22215
17	R	22215
17	J	22228
18	R	22228
18	J	22240
19	R	22240
19	J	22251
20	R	22251
20	J	22261
21	R	22261
16	J	22270
21	J	22270
16	R	22270
16	W	22270
22	R	22270
22	J	22278
23	R	22278
23	J	22285
24	R	22285
24	J	22291
17	R	22291
17	J	22304
18	R	22304
18	J	22316
19	R	22316
19	J	22327
20	R	22327
20	J	22337
21	R	22337
21	J	22346
22	R	22346
22	J	22354
23	R	22354
23	J	22361
24	R	22361
24	J	22367
17	R	22367
16	J	22380
17	J	22380
16	R	22380
16	W	22380
18	R	22380
18	J	22392
19	R	22392
19	J	22403
20	R	22403
20	W	22404
21	R	22404
21	J	22413
22	R	22413
22	J	22421
23	R	22421
23	J	22428
24	R	22428
24	J	22434
17	R	22434
17	J	22447
18	R	22447
18	J	22459
19	R	22459
19	J	22470
21	R	22470
21	J	22479
22	R	22479
16	J	22487
22	J	22487
16	R	22487
16	W	22487
23	R	22487
23	J	22494
24	R	22494
24	J	22500
17	R	22500
20	J	22513
17	J	22513
20	R	22513
20	W	22513
18	R	22513
18	J	22525
19	R	22525
19	J	22536
21	R	22536
21	J	22545
22	R	22545
22	J	22553
23	R	22553
23	J	22560
24	R	22560
24	J	22566
17	R	22566
17	J	22579
18	R	22579
16	J	22591
18	J	22591
16	R	22591
16	E	22591
14	J	22591
14	R	22591
14	W	22591
19	R	22591
19	J	22602
21	R	22602
21	J	22611
22	R	22611
20	J	22619
22	J	22619
20	R	22619
20	W	22619
23	R	22619
23	J	22626
24	R	22626
24	J	22632
17	R	22632
17	J	22645
18	R	22645
18	J	22657
19	R	22657
19	J	22668
21	R	22668
21	J	22677
22	R	22677
22	J	22685
23	R	22685
23	J	22692
24	R	22692
24	J	22698
17	R	22698
17	J	22711
18	R	22711
20	J	22723
18	J	22723
20	R	22723
20	W	22723
19	R	22723
19	J	22734
21	R	22734
21	J	22743
22	R	22743
22	J	22751
23	R	22751
23	J	22758
24	R	22758
24	J	22764
17	R	22764
17	J	22777
18	R	22777
18	J	22789
19	R	22789
19	J	22800
21	R	22800
21	J	22809
22	R	22809
22	J	22817
23	R	22817
20	J	22824
23	J	22824
20	R	22824
20	W	22824
24	R	22824
24	J	22830
17	R	22830
17	W	22837
18	R	22837
18	J	22849
19	R	22849
19	J	22860
21	R	22860
21	J	22869
22	R	22869
22	J	22877
23	R	22877
23	J	22884
24	R	22884
24	J	22890
18	R	22890
18	J	22902
19	R	22902
19	J	22913
21	R	22913
21	J	22922
22	R	22922
20	J	22930
22	J	22930
20	R	22930
17	J	22949
20	J	22949
17	R	22949
17	W	22949
23	R	22949
23	J	22956
24	R	22956
24	J	22962
18	R	22962
18	J	22974
19	R	22974
19	J	22985
20	R	22985
20	J	22995
21	R	22995
21	J	23004
22	R	23004
22	J	23012
23	R	23012
23	J	23019
24	R	23019
24	J	23025
18	R	23025
18	J	23037
19	R	23037
19	J	23048
20	R	23048
17	J	23058
20	J	23058
17	R	23058
17	W	23058
21	R	23058
21	J	23067
22	R	23067
22	J	23075
23	R	23075
23	J	23082
24	R	23082
24	J	23088
18	R	23088
18	J	23100
19	R	23100
19	J	23111
20	R	23111
20	J	23121
21	R	23121
21	J	23130
22	R	23130
22	J	23138
23	R	23138
23	J	23145
24	R	23145
24	W	23148
18	R	23148
17	J	23160
18	J	23160
17	R	23160
17	W	23160
19	R	23160
19	J	23171
20	R	23171
20	J	23181
21	R	23181
21	J	23190
22	R	23190
22	J	23198
23	R	23198
23	J	23205
18	R	23205
18	J	23217
19	R	23217
19	J	23228
20	R	23228
20	J	23238
21	R	23238
21	J	23247
22	R	23247
24	J	23255
22	J	23255
24	R	23255
24	W	23255
23	R	23255
17	J	23262
23	J	23262
17	R	23262
17	W	23262
18	R	23262
18	J	23274
19	R	23274
19	J	23285
20	R	23285
20	J	23295
21	R	23295
21	J	23304
22	R	23304
22	J	23312
23	R	23312
23	J	23319
18	R	23319
18	J	23331
19	R	23331
19	J	23342
20	R	23342
20	J	23352
21	R	23352
21	W	23358
24	J	23358
24	R	23358
24	W	23358
22	R	23358
17	J	23366
22	J	23366
17	R	23366
17	E	23366
14	J	23366
14	R	23366
14	W	23366
23	R	23366
23	J	23373
18	R	23373
18	J	23385
19	R	23385
19	J	23396
20	R	23396
20	J	23406
22	R	23406
22	J	23414
23	R	23414
23	J	23421
18	R	23421
18	J	23433
19	R	23433
19	J	23444
20	R	23444
20	J	23454
22	R	23454
24	J	23462
21	J	23462
22	J	23462
21	R	23462
21	W	23462
24	R	23462
24	W	23462
23	R	23462
23	J	23469
18	R	23469
18	J	23481
19	R	23481
19	J	23492
20	R	23492
20	J	23502
22	R	23502
22	J	23510
23	R	23510
23	J	23517
18	R	23517
18	W	23526
19	R	23526
19	J	23537
20	R	23537
20	J	23547
22	R	23547
22	J	23555
23	R	23555
23	J	23562
19	R	23562
24	J	23573
21	J	23573
19	J	23573
21	R	23573
21	W	23573
24	R	23573
24	W	23573
20	R	23573
20	J	23583
22	R	23583
22	J	23591
23	R	23591
23	J	23598
19	R	23598
19	J	23609
20	R	23609
20	J	23619
22	R	23619
18	J	23627
22	J	23627
18	R	23627
18	W	23627
23	R	23627
23	J	23634
19	R	23634
19	J	23645
20	R	23645
20	J	23655
22	R	23655
22	J	23663
23	R	23663
23	J	23670
19	R	23670
24	J	23681
21	J	23681
19	J	23681
21	R	23681
21	W	23681
24	R	23681
24	J	23692
20	R	23692
20	J	23702
22	R	23702
22	J	23710
23	R	23710
23	J	23717
19	R	23717
18	J	23728
19	J	23728
18	R	23728
18	W	23728
20	R	23728
20	J	23738
22	R	23738
22	J	23746
23	R	23746
23	J	23753
24	R	23753
24	J	23759
19	R	23759
19	J	23770
20	R	23770
20	J	23780
22	R	23780
21	J	23788
22	J	23788
21	R	23788
21	W	23788
23	R	23788
23	J	23795
24	R	23795
24	J	23801
19	R	23801
19	J	23812
20	R	23812
20	J	23822
22	R	23822
18	J	23830
22	J	23830
18	R	23830
18	W	23830
23	R	23830
23	J	23837
24	R	23837
24	J	23843
19	R	23843
19	J	23854
20	R	23854
20	J	23864
22	R	23864
22	J	23872
23	R	23872
23	J	23879
24	R	23879
24	J	23885
19	R	23885
21	J	23896
19	J	23896
21	R	23896
21	J	23913
20	R	23913
20	J	23923
22	R	23923
18	J	23931
22	J	23931
18	R	23931
18	W	23931
23	R	23931
23	J	23938
24	R	23938
24	J	23944
19	R	23944
19	J	23955
20	R	23955
20	J	23965
21	R	23965
21	J	23974
22	R	23974
22	J	23982
23	R	23982
23	J	23989
24	R	23989
24	J	23995
19	R	23995
19	J	24006
20	R	24006
20	J	24016
21	R	24016
21	J	24025
22	R	24025
18	J	24033
22	J	24033
18	R	24033
18	E	24033
14	J	24033
14	R	24033
14	W	24033
23	R	24033
23	J	24040
24	R	24040
24	J	24046
19	R	24046
19	J	24057
20	R	24057
20	J	24067
21	R	24067
21	J	24076
22	R	24076
22	J	24084
23	R	24084
23	J	24091
24	R	24091
24	J	24097
19	R	24097
19	J	24108
20	R	24108
20	J	24118
21	R	24118
21	J	24127
22	R	24127
22	J	24135
23	R	24135
23	J	24142
24	R	24142
24	J	24148
19	R	24148
19	J	24159
20	R	24159
20	J	24169
21	R	24169
21	J	24178
22	R	24178
22	J	24186
23	R	24186
23	J	24193
24	R	24193
24	J	24199
19	R	24199
19	J	24210
20	R	24210
20	J	24220
21	R	24220
21	J	24229
22	R	24229
22	J	24237
23	R	24237
23	J	24244
24	R	24244
24	J	24250
19	R	24250
19	J	24261
20	R	24261
20	J	24271
21	R	24271
21	J	24280
22	R	24280
22	J	24288
23	R	24288
23	J	24295
24	R	24295
24	J	24301
19	R	24301
19	J	24312
20	R	24312
20	J	24322
21	R	24322
21	J	24331
22	R	24331
22	W	24336
23	R	24336
23	J	24343
24	R	24343
24	J	24349
19	R	24349
19	W	24355
20	R	24355
20	J	24365
21	R	24365
21	J	24374
23	R	24374
23	J	24381
24	R	24381
24	J	24387
20	R	24387
20	J	24397
21	R	24397
21	J	24406
23	R	24406
23	J	24413
24	R	24413
24	J	24419
20	R	24419
20	J	24429
21	R	24429
22	J	24438
21	J	24438
22	R	24438
22	W	24438
23	R	24438
23	J	24445
24	R	24445
24	J	24451
20	R	24451
19	J	24461
20	J	24461
19	R	24461
19	W	24461
21	R	24461
21	J	24470
23	R	24470
23	J	24477
24	R	24477
24	J	24483
20	R	24483
20	J	24493
21	R	24493
21	J	24502
23	R	24502
23	J	24509
24	R	24509
24	J	24515
20	R	24515
20	J	24525
21	R	24525
21	J	24534
23	R	24534
22	J	24541
23	J	24541
22	R	24541
22	W	24541
24	R	24541
24	J	24547
20	R	24547
20	J	24557
21	R	24557
19	J	24566
21	J	24566
19	R	24566
19	W	24566
23	R	24566
23	J	24573
24	R	24573
24	J	24579
20	R	24579
20	J	24589
21	R	24589
21	J	24598
23	R	24598
23	J	24605
24	R	24605
24	J	24611
20	R	24611
20	J	24621
21	R	24621
21	J	24630
23	R	24630
23	J	24637
24	R	24637
22	J	24643
24	J	24643
22	R	24643
22	W	24643
20	R	24643
20	J	24653
21	R	24653
21	J	24662
23	R	24662
19	J	24669
23	J	24669
19	R	24669
19	W	24669
24	R	24669
24	J	24675
20	R	24675
20	J	24685
21	R	24685
21	J	24694
23	R	24694
23	J	24701
24	R	24701
24	J	24707
20	R	24707
20	J	24717
21	R	24717
21	J	24726
23	R	24726
23	J	24733
24	R	24733
24	J	24739
20	R	24739
22	J	24749
20	J	24749
22	R	24749
22	W	24749
21	R	24749
21	J	24758
23	R	24758
23	J	24765
24	R	24765
19	J	24771
24	J	24771
19	R	24771
19	W	24771
20	R	24771
20	J	24781
21	R	24781
21	J	24790
23	R	24790
23	J	24797
24	R	24797
24	J	24803
20	R	24803
20	J	24813
21	R	24813
21	J	24822
23	R	24822
23	J	24829
24	R	24829
24	J	24835
20	R	24835
20	J	24845
21	R	24845
22	J	24854
21	J	24854
22	R	24854
22	J	24869
23	R	24869
19	J	24876
23	J	24876
19	R	24876
19	E	24876
14	J	24876
14	R	24876
14	W	24876
24	R	24876
24	J	24882
20	R	24882
20	J	24892
21	R	24892
21	J	24901
22	R	24901
22	J	24909
23	R	24909
23	J	24916
24	R	24916
24	J	24922
20	R	24922
20	J	24932
21	R	24932
21	J	24941
22	R	24941
22	J	24949
23	R	24949
23	J	24956
24	R	24956
24	J	24962
20	R	24962
20	J	24972
21	R	24972
21	J	24981
22	R	24981
22	J	24989
23	R	24989
23	J	24996
24	R	24996
24	J	25002
20	R	25002
20	J	25012
21	R	25012
21	J	25021
22	R	25021
22	J	25029
23	R	25029
23	J	25036
24	R	25036
24	J	25042
20	R	25042
20	W	25043
21	R	25043
21	J	25052
22	R	25052
22	J	25060
23	R	25060
23	J	25067
24	R	25067
24	J	25073
21	R	25073
21	J	25082
22	R	25082
22	J	25090
23	R	25090
23	J	25097
24	R	25097
24	J	25103
21	R	25103
21	J	25112
22	R	25112
22	J	25120
23	R	25120
23	J	25127
24	R	25127
24	J	25133
21	R	25133
21	J	25142
22	R	25142
20	J	25150
22	J	25150
20	R	25150
20	W	25150
23	R	25150
23	J	25157
24	R	25157
24	J	25163
21	R	25163
21	J	25172
22	R	25172
22	J	25180
23	R	25180
23	J	25187
24	R	25187
24	J	25193
21	R	25193
21	J	25202
22	R	25202
22	J	25210
23	R	25210
23	J	25217
24	R	25217
24	J	25223
21	R	25223
21	J	25232
22	R	25232
22	J	25240
23	R	25240
23	J	25247
24	R	25247
20	J	25253
24	J	25253
20	R	25253
20	W	25253
21	R	25253
21	J	25262
22	R	25262
22	J	25270
23	R	25270
23	J	25277
24	R	25277
24	J	25283
21	R	25283
21	J	25292
22	R	25292
22	J	25300
23	R	25300
23	W	25304
24	R	25304
24	J	25310
21	R	25310
21	J	25319
22	R	25319
22	J	25327
24	R	25327
24	J	25333
21	R	25333
21	J	25342
22	R	25342
22	J	25350
24	R	25350
20	J	25356
24	J	25356
20	R	25356
20	W	25356
21	R	25356
21	J	25365
22	R	25365
22	J	25373
24	R	25373
24	J	25379
21	R	25379
21	J	25388
22	R	25388
22	J	25396
24	R	25396
24	J	25402
21	R	25402
23	J	25411
21	J	25411
23	R	25411
23	W	25411
22	R	25411
22	J	25419
24	R	25419
24	J	25425
21	R	25425
21	J	25434
22	R	25434
22	J	25442
24	R	25442
24	J	25448
21	R	25448
20	J	25457
21	J	25457
20	R	25457
20	W	25457
22	R	25457
22	J	25465
24	R	25465
24	J	25471
21	R	25471
21	J	25480
22	R	25480
22	J	25488
24	R	25488
24	J	25494
21	R	25494
21	J	25503
22	R	25503
22	J	25511
24	R	25511
23	J	25517
24	J	25517
23	R	25517
23	W	25517
21	R	25517
21	J	25526
22	R	25526
22	J	25534
24	R	25534
24	J	25540
21	R	25540
21	J	25549
22	R	25549
22	J	25557
24	R	25557
20	J	25563
24	J	25563
20	R	25563
20	E	25563
14	J	25563
14	R	25563
14	W	25563
21	R	25563
21	J	25573
22	R	25573
22	J	25581
24	R	25581
24	J	25587
21	R	25587
21	J	25596
22	R	25596
22	J	25604
24	R	25604
24	J	25610
21	R	25610
23	J	25619
21	J	25619
23	R	25619
23	W	25619
22	R	25619
22	J	25627
24	R	25627
24	J	25633
21	R	25633
21	J	25642
22	R	25642
22	J	25650
24	R	25650
24	J	25656
21	R	25656
21	J	25665
22	R	25665
22	J	25673
24	R	25673
24	J	25679
21	R	25679
21	W	25685
22	R	25685
22	J	25693
24	R	25693
24	J	25699
22	R	25699
22	J	25707
24	R	25707
24	J	25713
22	R	25713
23	J	25721
22	J	25721
23	R	25721
23	W	25721
24	R	25721
24	J	25727
22	R	25727
22	J	25735
24	R	25735
24	J	25741
22	R	25741
22	J	25749
24	R	25749
24	J	25755
22	R	25755
22	J	25763
24	R	25763
24	J	25769
22	R	25769
22	J	25777
24	R	25777
24	J	25783
22	R	25783
21	J	25791
22	J	25791
21	R	25791
21	W	25791
24	R	25791
24	J	25797
22	R	25797
22	J	25805
24	R	25805
24	J	25811
22	R	25811
22	J	25819
24	R	25819
23	J	25825
24	J	25825
23	R	25825
23	J	25838
22	R	25838
22	J	25846
23	R	25846
23	J	25853
24	R	25853
24	J	25859
22	R	25859
22	J	25867
23	R	25867
23	J	25874
24	R	25874
24	J	25880
22	R	25880
22	J	25888
23	R	25888
21	J	25895
23	J	25895
21	R	25895
21	W	25895
24	R	25895
24	J	25901
22	R	25901
22	J	25909
23	R	25909
23	J	25916
24	R	25916
24	J	25922
22	R	25922
22	J	25930
23	R	25930
23	J	25937
24	R	25937
24	J	25943
22	R	25943
22	J	25951
23	R	25951
23	J	25958
24	R	25958
24	J	25964
22	R	25964
22	J	25972
23	R	25972
23	J	25979
24	R	25979
24	J	25985
22	R	25985
22	J	25993
23	R	25993
21	J	26000
23	J	26000
21	R	26000
21	W	26000
24	R	26000
24	J	26006
22	R	26006
22	J	26014
23	R	26014
23	J	26021
24	R	26021
24	J	26027
22	R	26027
22	J	26035
23	R	26035
23	J	26042
24	R	26042
24	J	26048
22	R	26048
22	J	26056
23	R	26056
23	J	26063
24	R	26063
24	J	26069
22	R	26069
22	J	26077
23	R	26077
23	J	26084
24	R	26084
24	J	26090
22	R	26090
22	J	26098
23	R	26098
21	J	26105
23	J	26105
21	R	26105
21	W	26105
24	R	26105
24	J	26111
22	R	26111
22	J	26119
23	R	26119
23	J	26126
24	R	26126
24	W	26129
22	R	26129
22	J	26137
23	R	26137
23	J	26144
22	R	26144
22	J	26152
23	R	26152
23	J	26159
22	R	26159
22	J	26167
23	R	26167
23	J	26174
22	R	26174
22	J	26182
23	R	26182
23	J	26189
22	R	26189
22	J	26197
23	R	26197
23	J	26204
22	R	26204
21	J	26212
22	J	26212
21	R	26212
21	E	26212
14	J	26212
14	R	26212
14	W	26212
23	R	26212
23	J	26219
22	R	26219
22	J	26227
23	R	26227
24	J	26234
23	J	26234
24	R	26234
24	W	26234
22	R	26234
22	W	26239
23	R	26239
24	J	26337
23	J	26337
24	R	26337
24	W	26337
23	R	26337
22	J	26344
23	J	26344
22	R	26344
22	W	26344
23	R	26344
24	J	26442
23	J	26442
24	R	26442
24	W	26442
23	R	26442
22	J	26449
23	J	26449
22	R	26449
22	W	26449
23	R	26449
24	J	26547
23	J	26547
24	R	26547
24	W	26547
23	R	26547
22	J	26554
23	J	26554
22	R	26554
22	W	26554
23	R	26554
23	W	26579
0	R	26579
24	J	26648
24	R	26648
22	J	26659
24	J	26659
22	R	26659
22	W	26659
24	R	26659
23	J	26683
24	J	26683
23	R	26683
23	W	26683
24	R	26683
22	J	26761
24	J	26761
22	R	26761
22	E	26761
14	J	26761
14	R	26761
14	W	26761
24	R	26761
23	J	26785
24	J	26785
23	R	26785
23	W	26785
24	R	26785
23	J	26887
24	J	26887
23	R	26887
23	W	26887
24	R	26887
23	J	26989
24	J	26989
23	R	26989
23	W	26989
24	R	26989
23	J	27091
24	J	27091
23	R	27091
23	E	27091
14	J	27091
14	R	27091
14	W	27091
24	R	27091
24	W	27148
0	R	27148
24	J	27249
24	R	27249
24	W	27249
0	R	27249
24	J	27350
24	R	27350
24	W	27350
0	R	27350
24	J	27451
24	R	27451
24	W	27451
0	R	27451
24	J	27552
24	R	27552
24	W	27552
0	R	27552
24	J	27653
24	R	27653
24	E	27653
14	J	27653
14	R	27653
14	E	27654
4	J	27654
4	R	27654
25	N	27654
25	J	27655
4	W	27655
25	R	27655
4	J	27657
25	E	27658
4	R	27658
4	W	27658
0	R	27658
4	J	37470
4	R	37470
4	W	37470
0	R	37470
4	J	37519
4	R	37519
4	W	37519
0	R	37519
4	J	38054
4	R	38054
4	W	38054
0	R	38054
4	J	38121
4	R	38121
4	W	38121
0	R	38122
4	J	38228
4	R	38228
4	W	38228
0	R	38228
4	J	38289
4	R	38289
4	W	38289
0	R	38289
4	J	38355
4	R	38355
4	W	38355
0	R	38355
4	J	38445
4	R	38445
4	W	38445
0	R	38445
4	J	38966
4	R	38967
26	N	38968
26	J	38969
4	W	38969
26	R	38969
